#
# A fatal error has been detected by the Java Runtime Environment:
#
#  Internal Error (vmThread.cpp:680), pid=22866, tid=22882
#  fatal error: Nested VM operation CollectForMetadataAllocation requested by operation ChangeBreakpoints
#
# JRE version: Java(TM) SE Runtime Environment (11.0.5+10) (build 11.0.5+10-LTS)
# Java VM: Java HotSpot(TM) 64-Bit Server VM (11.0.5+10-LTS, mixed mode, tiered, compressed oops, g1 gc, linux-amd64)
# Core dump will be written. Default location: Core dumps may be processed with "/usr/share/apport/apport %p %s %c %d %P" (or dumping to /home/alexandr/JavaProjects/backend/core.22866)
#
# If you would like to submit a bug report, please visit:
#   http://bugreport.java.com/bugreport/crash.jsp
#

---------------  S U M M A R Y ------------

Command Line: -agentlib:jdwp=transport=dt_socket,address=127.0.0.1:43529,suspend=y,server=n -XX:TieredStopAtLevel=1 -Xverify:none -Dspring.output.ansi.enabled=always -Dcom.sun.management.jmxremote -Dspring.jmx.enabled=true -Dspring.liveBeansView.mbeanDomain -Dspring.application.admin.enabled=true -javaagent:/snap/intellij-idea-ultimate/204/plugins/java/lib/rt/debugger-agent.jar -Dfile.encoding=UTF-8 com.haapp.formicary.FormicaryApplication

Host: Intel(R) Core(TM) i5-6200U CPU @ 2.30GHz, 4 cores, 11G, Ubuntu 19.10
Time: Sun Feb 23 22:27:23 2020 +03 elapsed time: 7 seconds (0d 0h 0m 7s)

---------------  T H R E A D  ---------------

Current thread (0x00007fae2c201000):  VMThread "VM Thread" [stack: 0x00007fadfb700000,0x00007fadfb800000] [id=22882]

Stack: [0x00007fadfb700000,0x00007fadfb800000],  sp=0x00007fadfb7fe330,  free space=1016k
Native frames: (J=compiled Java code, A=aot compiled Java code, j=interpreted, Vv=VM code, C=native code)
V  [libjvm.so+0xe2b927]  VMError::report_and_die(int, char const*, char const*, __va_list_tag*, Thread*, unsigned char*, void*, void*, char const*, int, unsigned long)+0x317
V  [libjvm.so+0xe2c54f]  VMError::report_and_die(Thread*, void*, char const*, int, char const*, char const*, __va_list_tag*)+0x2f
V  [libjvm.so+0x69a9ca]  report_fatal(char const*, int, char const*, ...)+0x10a
V  [libjvm.so+0xe33233]  VMThread::execute(VM_Operation*)+0x373
V  [libjvm.so+0x60d52d]  CollectedHeap::satisfy_failed_metadata_allocation(ClassLoaderData*, unsigned long, Metaspace::MetadataType)+0xdd
V  [libjvm.so+0xb71b7e]  Metaspace::allocate(ClassLoaderData*, unsigned long, MetaspaceObj::Type, Thread*)+0xfe
V  [libjvm.so+0xb8b8db]  MethodCounters::allocate(methodHandle const&, Thread*)+0x3b
V  [libjvm.so+0xb87e93]  Method::build_method_counters(Method*, Thread*)+0x83
V  [libjvm.so+0xb8875b]  Method::set_breakpoint(int)+0x24b
V  [libjvm.so+0xa184e0]  JvmtiBreakpoint::each_method_version_do(void (Method::*)(int))+0x40
V  [libjvm.so+0xe360d7]  VM_Operation::evaluate()+0xe7
V  [libjvm.so+0xe338bf]  VMThread::evaluate_operation(VM_Operation*) [clone .constprop.54]+0xff
V  [libjvm.so+0xe33df6]  VMThread::loop()+0x3e6
V  [libjvm.so+0xe3423b]  VMThread::run()+0x7b
V  [libjvm.so+0xc0b020]  thread_native_entry(Thread*)+0xf0

VM_Operation (0x00007fadfa6bb8a0): ChangeBreakpoints, mode: safepoint, requested by thread 0x00007fae2c329800


---------------  P R O C E S S  ---------------

Threads class SMR info:
_java_thread_list=0x00007fad982e77f0, length=18, elements={
0x00007fae2c016800, 0x00007fae2c209000, 0x00007fae2c20d000, 0x00007fae2c221000,
0x00007fae2c223000, 0x00007fae2c225000, 0x00007fae2c2d0800, 0x00007fae2c329800,
0x00007fae2c32d000, 0x00007fadd0001800, 0x00007fae2c895000, 0x00007fae2c988000,
0x00007fade0001000, 0x00007fadbc002800, 0x00007fada8043000, 0x00007fae2cb7c800,
0x00007fada0009800, 0x00007fadbc004800
}

Java Threads: ( => current thread )
  0x00007fae2c016800 JavaThread "main" [_thread_blocked, id=22872, stack(0x00007fae31f9b000,0x00007fae3209c000)]
  0x00007fae2c209000 JavaThread "Reference Handler" daemon [_thread_blocked, id=22886, stack(0x00007fadfb5fd000,0x00007fadfb6fe000)]
  0x00007fae2c20d000 JavaThread "Finalizer" daemon [_thread_blocked, id=22887, stack(0x00007fadfb4fc000,0x00007fadfb5fd000)]
  0x00007fae2c221000 JavaThread "Signal Dispatcher" daemon [_thread_blocked, id=22888, stack(0x00007fadfabc6000,0x00007fadfacc7000)]
  0x00007fae2c223000 JavaThread "C1 CompilerThread0" daemon [_thread_blocked, id=22889, stack(0x00007fadfaac5000,0x00007fadfabc6000)]
  0x00007fae2c225000 JavaThread "Sweeper thread" daemon [_thread_blocked, id=22890, stack(0x00007fadfa9c4000,0x00007fadfaac5000)]
  0x00007fae2c2d0800 JavaThread "Common-Cleaner" daemon [_thread_blocked, id=22894, stack(0x00007fadfa8c3000,0x00007fadfa9c4000)]
  0x00007fae2c329800 JavaThread "JDWP Transport Listener: dt_socket" daemon [_thread_blocked, id=22895, stack(0x00007fadfa5bc000,0x00007fadfa6bd000)]
  0x00007fae2c32d000 JavaThread "JDWP Event Helper Thread" daemon [_thread_blocked, id=22899, stack(0x00007fadfa4bb000,0x00007fadfa5bc000)]
  0x00007fadd0001800 JavaThread "JDWP Command Reader" daemon [_thread_in_native, id=22900, stack(0x00007fadfa3ba000,0x00007fadfa4bb000)]
  0x00007fae2c895000 JavaThread "Service Thread" daemon [_thread_blocked, id=22906, stack(0x00007fadf9e90000,0x00007fadf9f91000)]
  0x00007fae2c988000 JavaThread "RMI TCP Accept-0" daemon [_thread_in_native, id=22915, stack(0x00007fadf9077000,0x00007fadf9178000)]
  0x00007fade0001000 JavaThread "Attach Listener" daemon [_thread_blocked, id=22917, stack(0x00007fadf8c74000,0x00007fadf8d75000)]
  0x00007fadbc002800 JavaThread "RMI TCP Connection(3)-192.168.100.154" daemon [_thread_in_native, id=22921, stack(0x00007fadf8b73000,0x00007fadf8c74000)]
  0x00007fada8043000 JavaThread "RMI Scheduler(0)" daemon [_thread_blocked, id=22923, stack(0x00007fadf8872000,0x00007fadf8973000)]
  0x00007fae2cb7c800 JavaThread "Thread-0" [_thread_blocked, id=22926, stack(0x00007fadf8771000,0x00007fadf8872000)]
  0x00007fada0009800 JavaThread "restartedMain" [_thread_blocked, id=22927, stack(0x00007fadf8670000,0x00007fadf8771000)]
  0x00007fadbc004800 JavaThread "RMI TCP Connection(2)-192.168.100.154" daemon [_thread_in_native, id=22933, stack(0x00007fadf806e000,0x00007fadf816f000)]

Other Threads:
=>0x00007fae2c201000 VMThread "VM Thread" [stack: 0x00007fadfb700000,0x00007fadfb800000] [id=22882]
  0x00007fae2c991800 WatcherThread [stack: 0x00007fadf8d77000,0x00007fadf8e77000] [id=22916]
  0x00007fae2c03d800 GCTaskThread "GC Thread#0" [stack: 0x00007fae31001000,0x00007fae31101000] [id=22873]
  0x00007fadf0001000 GCTaskThread "GC Thread#1" [stack: 0x00007fadf9985000,0x00007fadf9a85000] [id=22910]
  0x00007fadf0002800 GCTaskThread "GC Thread#2" [stack: 0x00007fadf9883000,0x00007fadf9983000] [id=22912]
  0x00007fadf0004800 GCTaskThread "GC Thread#3" [stack: 0x00007fadf9781000,0x00007fadf9881000] [id=22913]
  0x00007fae2c085000 ConcurrentGCThread "G1 Main Marker" [stack: 0x00007fae1453e000,0x00007fae1463e000] [id=22874]
  0x00007fae2c086800 ConcurrentGCThread "G1 Conc#0" [stack: 0x00007fae1443c000,0x00007fae1453c000] [id=22875]
  0x00007fae2c137800 ConcurrentGCThread "G1 Refine#0" [stack: 0x00007fae08260000,0x00007fae08360000] [id=22876]
  0x00007fae2c139000 ConcurrentGCThread "G1 Young RemSet Sampling" [stack: 0x00007fae0815e000,0x00007fae0825e000] [id=22877]

Threads with active compile tasks:

VM state:at safepoint (normal execution)

VM Mutex/Monitor currently owned by a thread:  ([mutex/lock_event])
[0x00007fae2c013640] Threads_lock - owner thread: 0x00007fae2c201000

Heap address: 0x0000000746c00000, size: 2964 MB, Compressed Oops mode: Zero based, Oop shift amount: 3
Narrow klass base: 0x0000000800000000, Narrow klass shift: 0
Compressed class space size: 1073741824 Address: 0x0000000800000000

Heap:
 garbage-first heap   total 239616K, used 56536K [0x0000000746c00000, 0x0000000800000000)
  region size 1024K, 48 young (49152K), 9 survivors (9216K)
 Metaspace       used 34421K, capacity 35495K, committed 35628K, reserved 1081344K
  class space    used 4275K, capacity 4708K, committed 4736K, reserved 1048576K
Heap Regions: E=young(eden), S=young(survivor), O=old, HS=humongous(starts), HC=humongous(continues), CS=collection set, F=free, A=archive, TAMS=top-at-mark-start (previous, next)
|   0|0x0000000746c00000, 0x0000000746d00000, 0x0000000746d00000|100%|HS|  |TAMS 0x0000000746d00000, 0x0000000746c00000| Complete 
|   1|0x0000000746d00000, 0x0000000746e00000, 0x0000000746e00000|100%| O|  |TAMS 0x0000000746e00000, 0x0000000746d00000| Untracked 
|   2|0x0000000746e00000, 0x0000000746f00000, 0x0000000746f00000|100%| O|  |TAMS 0x0000000746f00000, 0x0000000746e00000| Untracked 
|   3|0x0000000746f00000, 0x0000000747000000, 0x0000000747000000|100%| O|  |TAMS 0x0000000747000000, 0x0000000746f00000| Untracked 
|   4|0x0000000747000000, 0x0000000747100000, 0x0000000747100000|100%| O|  |TAMS 0x0000000747100000, 0x0000000747000000| Untracked 
|   5|0x0000000747100000, 0x0000000747200000, 0x0000000747200000|100%| O|  |TAMS 0x0000000747200000, 0x0000000747100000| Untracked 
|   6|0x0000000747200000, 0x0000000747300000, 0x0000000747300000|100%| O|  |TAMS 0x0000000747300000, 0x0000000747200000| Untracked 
|   7|0x0000000747300000, 0x0000000747400000, 0x0000000747400000|100%| O|  |TAMS 0x0000000747400000, 0x0000000747300000| Untracked 
|   8|0x0000000747400000, 0x0000000747436200, 0x0000000747500000| 21%| O|  |TAMS 0x0000000747436200, 0x0000000747400000| Untracked 
|   9|0x0000000747500000, 0x0000000747500000, 0x0000000747600000|  0%| F|  |TAMS 0x0000000747500000, 0x0000000747500000| Untracked 
|  10|0x0000000747600000, 0x0000000747600000, 0x0000000747700000|  0%| F|  |TAMS 0x0000000747600000, 0x0000000747600000| Untracked 
|  11|0x0000000747700000, 0x0000000747700000, 0x0000000747800000|  0%| F|  |TAMS 0x0000000747700000, 0x0000000747700000| Untracked 
|  12|0x0000000747800000, 0x0000000747800000, 0x0000000747900000|  0%| F|  |TAMS 0x0000000747800000, 0x0000000747800000| Untracked 
|  13|0x0000000747900000, 0x0000000747900000, 0x0000000747a00000|  0%| F|  |TAMS 0x0000000747900000, 0x0000000747900000| Untracked 
|  14|0x0000000747a00000, 0x0000000747a00000, 0x0000000747b00000|  0%| F|  |TAMS 0x0000000747a00000, 0x0000000747a00000| Untracked 
|  15|0x0000000747b00000, 0x0000000747b00000, 0x0000000747c00000|  0%| F|  |TAMS 0x0000000747b00000, 0x0000000747b00000| Untracked 
|  16|0x0000000747c00000, 0x0000000747c00000, 0x0000000747d00000|  0%| F|  |TAMS 0x0000000747c00000, 0x0000000747c00000| Untracked 
|  17|0x0000000747d00000, 0x0000000747d00000, 0x0000000747e00000|  0%| F|  |TAMS 0x0000000747d00000, 0x0000000747d00000| Untracked 
|  18|0x0000000747e00000, 0x0000000747e00000, 0x0000000747f00000|  0%| F|  |TAMS 0x0000000747e00000, 0x0000000747e00000| Untracked 
|  19|0x0000000747f00000, 0x0000000747f00000, 0x0000000748000000|  0%| F|  |TAMS 0x0000000747f00000, 0x0000000747f00000| Untracked 
|  20|0x0000000748000000, 0x0000000748000000, 0x0000000748100000|  0%| F|  |TAMS 0x0000000748000000, 0x0000000748000000| Untracked 
|  21|0x0000000748100000, 0x0000000748100000, 0x0000000748200000|  0%| F|  |TAMS 0x0000000748100000, 0x0000000748100000| Untracked 
|  22|0x0000000748200000, 0x0000000748200000, 0x0000000748300000|  0%| F|  |TAMS 0x0000000748200000, 0x0000000748200000| Untracked 
|  23|0x0000000748300000, 0x0000000748300000, 0x0000000748400000|  0%| F|  |TAMS 0x0000000748300000, 0x0000000748300000| Untracked 
|  24|0x0000000748400000, 0x0000000748400000, 0x0000000748500000|  0%| F|  |TAMS 0x0000000748400000, 0x0000000748400000| Untracked 
|  25|0x0000000748500000, 0x0000000748500000, 0x0000000748600000|  0%| F|  |TAMS 0x0000000748500000, 0x0000000748500000| Untracked 
|  26|0x0000000748600000, 0x0000000748600000, 0x0000000748700000|  0%| F|  |TAMS 0x0000000748600000, 0x0000000748600000| Untracked 
|  27|0x0000000748700000, 0x0000000748700000, 0x0000000748800000|  0%| F|  |TAMS 0x0000000748700000, 0x0000000748700000| Untracked 
|  28|0x0000000748800000, 0x0000000748800000, 0x0000000748900000|  0%| F|  |TAMS 0x0000000748800000, 0x0000000748800000| Untracked 
|  29|0x0000000748900000, 0x0000000748900000, 0x0000000748a00000|  0%| F|  |TAMS 0x0000000748900000, 0x0000000748900000| Untracked 
|  30|0x0000000748a00000, 0x0000000748a00000, 0x0000000748b00000|  0%| F|  |TAMS 0x0000000748a00000, 0x0000000748a00000| Untracked 
|  31|0x0000000748b00000, 0x0000000748b00000, 0x0000000748c00000|  0%| F|  |TAMS 0x0000000748b00000, 0x0000000748b00000| Untracked 
|  32|0x0000000748c00000, 0x0000000748c00000, 0x0000000748d00000|  0%| F|  |TAMS 0x0000000748c00000, 0x0000000748c00000| Untracked 
|  33|0x0000000748d00000, 0x0000000748d00000, 0x0000000748e00000|  0%| F|  |TAMS 0x0000000748d00000, 0x0000000748d00000| Untracked 
|  34|0x0000000748e00000, 0x0000000748e00000, 0x0000000748f00000|  0%| F|  |TAMS 0x0000000748e00000, 0x0000000748e00000| Untracked 
|  35|0x0000000748f00000, 0x0000000748f00000, 0x0000000749000000|  0%| F|  |TAMS 0x0000000748f00000, 0x0000000748f00000| Untracked 
|  36|0x0000000749000000, 0x0000000749000000, 0x0000000749100000|  0%| F|  |TAMS 0x0000000749000000, 0x0000000749000000| Untracked 
|  37|0x0000000749100000, 0x0000000749100000, 0x0000000749200000|  0%| F|  |TAMS 0x0000000749100000, 0x0000000749100000| Untracked 
|  38|0x0000000749200000, 0x0000000749200000, 0x0000000749300000|  0%| F|  |TAMS 0x0000000749200000, 0x0000000749200000| Untracked 
|  39|0x0000000749300000, 0x0000000749300000, 0x0000000749400000|  0%| F|  |TAMS 0x0000000749300000, 0x0000000749300000| Untracked 
|  40|0x0000000749400000, 0x0000000749400000, 0x0000000749500000|  0%| F|  |TAMS 0x0000000749400000, 0x0000000749400000| Untracked 
|  41|0x0000000749500000, 0x0000000749500000, 0x0000000749600000|  0%| F|  |TAMS 0x0000000749500000, 0x0000000749500000| Untracked 
|  42|0x0000000749600000, 0x0000000749600000, 0x0000000749700000|  0%| F|  |TAMS 0x0000000749600000, 0x0000000749600000| Untracked 
|  43|0x0000000749700000, 0x0000000749700000, 0x0000000749800000|  0%| F|  |TAMS 0x0000000749700000, 0x0000000749700000| Untracked 
|  44|0x0000000749800000, 0x0000000749800000, 0x0000000749900000|  0%| F|  |TAMS 0x0000000749800000, 0x0000000749800000| Untracked 
|  45|0x0000000749900000, 0x0000000749900000, 0x0000000749a00000|  0%| F|  |TAMS 0x0000000749900000, 0x0000000749900000| Untracked 
|  46|0x0000000749a00000, 0x0000000749a00000, 0x0000000749b00000|  0%| F|  |TAMS 0x0000000749a00000, 0x0000000749a00000| Untracked 
|  47|0x0000000749b00000, 0x0000000749b00000, 0x0000000749c00000|  0%| F|  |TAMS 0x0000000749b00000, 0x0000000749b00000| Untracked 
|  48|0x0000000749c00000, 0x0000000749c00000, 0x0000000749d00000|  0%| F|  |TAMS 0x0000000749c00000, 0x0000000749c00000| Untracked 
|  49|0x0000000749d00000, 0x0000000749d00000, 0x0000000749e00000|  0%| F|  |TAMS 0x0000000749d00000, 0x0000000749d00000| Untracked 
|  50|0x0000000749e00000, 0x0000000749e00000, 0x0000000749f00000|  0%| F|  |TAMS 0x0000000749e00000, 0x0000000749e00000| Untracked 
|  51|0x0000000749f00000, 0x0000000749f00000, 0x000000074a000000|  0%| F|  |TAMS 0x0000000749f00000, 0x0000000749f00000| Untracked 
|  52|0x000000074a000000, 0x000000074a000000, 0x000000074a100000|  0%| F|  |TAMS 0x000000074a000000, 0x000000074a000000| Untracked 
|  53|0x000000074a100000, 0x000000074a100000, 0x000000074a200000|  0%| F|  |TAMS 0x000000074a100000, 0x000000074a100000| Untracked 
|  54|0x000000074a200000, 0x000000074a200000, 0x000000074a300000|  0%| F|  |TAMS 0x000000074a200000, 0x000000074a200000| Untracked 
|  55|0x000000074a300000, 0x000000074a300000, 0x000000074a400000|  0%| F|  |TAMS 0x000000074a300000, 0x000000074a300000| Untracked 
|  56|0x000000074a400000, 0x000000074a400000, 0x000000074a500000|  0%| F|  |TAMS 0x000000074a400000, 0x000000074a400000| Untracked 
|  57|0x000000074a500000, 0x000000074a500000, 0x000000074a600000|  0%| F|  |TAMS 0x000000074a500000, 0x000000074a500000| Untracked 
|  58|0x000000074a600000, 0x000000074a600000, 0x000000074a700000|  0%| F|  |TAMS 0x000000074a600000, 0x000000074a600000| Untracked 
|  59|0x000000074a700000, 0x000000074a700000, 0x000000074a800000|  0%| F|  |TAMS 0x000000074a700000, 0x000000074a700000| Untracked 
|  60|0x000000074a800000, 0x000000074a800000, 0x000000074a900000|  0%| F|  |TAMS 0x000000074a800000, 0x000000074a800000| Untracked 
|  61|0x000000074a900000, 0x000000074a900000, 0x000000074aa00000|  0%| F|  |TAMS 0x000000074a900000, 0x000000074a900000| Untracked 
|  62|0x000000074aa00000, 0x000000074aa00000, 0x000000074ab00000|  0%| F|  |TAMS 0x000000074aa00000, 0x000000074aa00000| Untracked 
|  63|0x000000074ab00000, 0x000000074ab00000, 0x000000074ac00000|  0%| F|  |TAMS 0x000000074ab00000, 0x000000074ab00000| Untracked 
|  64|0x000000074ac00000, 0x000000074ac00000, 0x000000074ad00000|  0%| F|  |TAMS 0x000000074ac00000, 0x000000074ac00000| Untracked 
|  65|0x000000074ad00000, 0x000000074ad00000, 0x000000074ae00000|  0%| F|  |TAMS 0x000000074ad00000, 0x000000074ad00000| Untracked 
|  66|0x000000074ae00000, 0x000000074ae00000, 0x000000074af00000|  0%| F|  |TAMS 0x000000074ae00000, 0x000000074ae00000| Untracked 
|  67|0x000000074af00000, 0x000000074af00000, 0x000000074b000000|  0%| F|  |TAMS 0x000000074af00000, 0x000000074af00000| Untracked 
|  68|0x000000074b000000, 0x000000074b000000, 0x000000074b100000|  0%| F|  |TAMS 0x000000074b000000, 0x000000074b000000| Untracked 
|  69|0x000000074b100000, 0x000000074b100000, 0x000000074b200000|  0%| F|  |TAMS 0x000000074b100000, 0x000000074b100000| Untracked 
|  70|0x000000074b200000, 0x000000074b200000, 0x000000074b300000|  0%| F|  |TAMS 0x000000074b200000, 0x000000074b200000| Untracked 
|  71|0x000000074b300000, 0x000000074b300000, 0x000000074b400000|  0%| F|  |TAMS 0x000000074b300000, 0x000000074b300000| Untracked 
|  72|0x000000074b400000, 0x000000074b400000, 0x000000074b500000|  0%| F|  |TAMS 0x000000074b400000, 0x000000074b400000| Untracked 
|  73|0x000000074b500000, 0x000000074b500000, 0x000000074b600000|  0%| F|  |TAMS 0x000000074b500000, 0x000000074b500000| Untracked 
|  74|0x000000074b600000, 0x000000074b600000, 0x000000074b700000|  0%| F|  |TAMS 0x000000074b600000, 0x000000074b600000| Untracked 
|  75|0x000000074b700000, 0x000000074b700000, 0x000000074b800000|  0%| F|  |TAMS 0x000000074b700000, 0x000000074b700000| Untracked 
|  76|0x000000074b800000, 0x000000074b800000, 0x000000074b900000|  0%| F|  |TAMS 0x000000074b800000, 0x000000074b800000| Untracked 
|  77|0x000000074b900000, 0x000000074b900000, 0x000000074ba00000|  0%| F|  |TAMS 0x000000074b900000, 0x000000074b900000| Untracked 
|  78|0x000000074ba00000, 0x000000074ba00000, 0x000000074bb00000|  0%| F|  |TAMS 0x000000074ba00000, 0x000000074ba00000| Untracked 
|  79|0x000000074bb00000, 0x000000074bb00000, 0x000000074bc00000|  0%| F|  |TAMS 0x000000074bb00000, 0x000000074bb00000| Untracked 
|  80|0x000000074bc00000, 0x000000074bc00000, 0x000000074bd00000|  0%| F|  |TAMS 0x000000074bc00000, 0x000000074bc00000| Untracked 
|  81|0x000000074bd00000, 0x000000074bd00000, 0x000000074be00000|  0%| F|  |TAMS 0x000000074bd00000, 0x000000074bd00000| Untracked 
|  82|0x000000074be00000, 0x000000074be00000, 0x000000074bf00000|  0%| F|  |TAMS 0x000000074be00000, 0x000000074be00000| Untracked 
|  83|0x000000074bf00000, 0x000000074bf00000, 0x000000074c000000|  0%| F|  |TAMS 0x000000074bf00000, 0x000000074bf00000| Untracked 
|  84|0x000000074c000000, 0x000000074c000000, 0x000000074c100000|  0%| F|  |TAMS 0x000000074c000000, 0x000000074c000000| Untracked 
|  85|0x000000074c100000, 0x000000074c100000, 0x000000074c200000|  0%| F|  |TAMS 0x000000074c100000, 0x000000074c100000| Untracked 
|  86|0x000000074c200000, 0x000000074c200000, 0x000000074c300000|  0%| F|  |TAMS 0x000000074c200000, 0x000000074c200000| Untracked 
|  87|0x000000074c300000, 0x000000074c300000, 0x000000074c400000|  0%| F|  |TAMS 0x000000074c300000, 0x000000074c300000| Untracked 
|  88|0x000000074c400000, 0x000000074c400000, 0x000000074c500000|  0%| F|  |TAMS 0x000000074c400000, 0x000000074c400000| Untracked 
|  89|0x000000074c500000, 0x000000074c500000, 0x000000074c600000|  0%| F|  |TAMS 0x000000074c500000, 0x000000074c500000| Untracked 
|  90|0x000000074c600000, 0x000000074c600000, 0x000000074c700000|  0%| F|  |TAMS 0x000000074c600000, 0x000000074c600000| Untracked 
|  91|0x000000074c700000, 0x000000074c700000, 0x000000074c800000|  0%| F|  |TAMS 0x000000074c700000, 0x000000074c700000| Untracked 
|  92|0x000000074c800000, 0x000000074c800000, 0x000000074c900000|  0%| F|  |TAMS 0x000000074c800000, 0x000000074c800000| Untracked 
|  93|0x000000074c900000, 0x000000074c900000, 0x000000074ca00000|  0%| F|  |TAMS 0x000000074c900000, 0x000000074c900000| Untracked 
|  94|0x000000074ca00000, 0x000000074ca00000, 0x000000074cb00000|  0%| F|  |TAMS 0x000000074ca00000, 0x000000074ca00000| Untracked 
|  95|0x000000074cb00000, 0x000000074cb00000, 0x000000074cc00000|  0%| F|  |TAMS 0x000000074cb00000, 0x000000074cb00000| Untracked 
|  96|0x000000074cc00000, 0x000000074cc00000, 0x000000074cd00000|  0%| F|  |TAMS 0x000000074cc00000, 0x000000074cc00000| Untracked 
|  97|0x000000074cd00000, 0x000000074cd00000, 0x000000074ce00000|  0%| F|  |TAMS 0x000000074cd00000, 0x000000074cd00000| Untracked 
|  98|0x000000074ce00000, 0x000000074ce00000, 0x000000074cf00000|  0%| F|  |TAMS 0x000000074ce00000, 0x000000074ce00000| Untracked 
|  99|0x000000074cf00000, 0x000000074cf00000, 0x000000074d000000|  0%| F|  |TAMS 0x000000074cf00000, 0x000000074cf00000| Untracked 
| 100|0x000000074d000000, 0x000000074d000000, 0x000000074d100000|  0%| F|  |TAMS 0x000000074d000000, 0x000000074d000000| Untracked 
| 101|0x000000074d100000, 0x000000074d100000, 0x000000074d200000|  0%| F|  |TAMS 0x000000074d100000, 0x000000074d100000| Untracked 
| 102|0x000000074d200000, 0x000000074d200000, 0x000000074d300000|  0%| F|  |TAMS 0x000000074d200000, 0x000000074d200000| Untracked 
| 103|0x000000074d300000, 0x000000074d300000, 0x000000074d400000|  0%| F|  |TAMS 0x000000074d300000, 0x000000074d300000| Untracked 
| 104|0x000000074d400000, 0x000000074d400000, 0x000000074d500000|  0%| F|  |TAMS 0x000000074d400000, 0x000000074d400000| Untracked 
| 105|0x000000074d500000, 0x000000074d500000, 0x000000074d600000|  0%| F|  |TAMS 0x000000074d500000, 0x000000074d500000| Untracked 
| 106|0x000000074d600000, 0x000000074d600000, 0x000000074d700000|  0%| F|  |TAMS 0x000000074d600000, 0x000000074d600000| Untracked 
| 107|0x000000074d700000, 0x000000074d700000, 0x000000074d800000|  0%| F|  |TAMS 0x000000074d700000, 0x000000074d700000| Untracked 
| 108|0x000000074d800000, 0x000000074d800000, 0x000000074d900000|  0%| F|  |TAMS 0x000000074d800000, 0x000000074d800000| Untracked 
| 109|0x000000074d900000, 0x000000074da00000, 0x000000074da00000|100%| S|CS|TAMS 0x000000074d900000, 0x000000074d900000| Complete 
| 110|0x000000074da00000, 0x000000074db00000, 0x000000074db00000|100%| S|CS|TAMS 0x000000074da00000, 0x000000074da00000| Complete 
| 111|0x000000074db00000, 0x000000074dc00000, 0x000000074dc00000|100%| S|CS|TAMS 0x000000074db00000, 0x000000074db00000| Complete 
| 112|0x000000074dc00000, 0x000000074dd00000, 0x000000074dd00000|100%| S|CS|TAMS 0x000000074dc00000, 0x000000074dc00000| Complete 
| 113|0x000000074dd00000, 0x000000074de00000, 0x000000074de00000|100%| S|CS|TAMS 0x000000074dd00000, 0x000000074dd00000| Complete 
| 114|0x000000074de00000, 0x000000074df00000, 0x000000074df00000|100%| S|CS|TAMS 0x000000074de00000, 0x000000074de00000| Complete 
| 115|0x000000074df00000, 0x000000074e000000, 0x000000074e000000|100%| S|CS|TAMS 0x000000074df00000, 0x000000074df00000| Complete 
| 116|0x000000074e000000, 0x000000074e100000, 0x000000074e100000|100%| S|CS|TAMS 0x000000074e000000, 0x000000074e000000| Complete 
| 117|0x000000074e100000, 0x000000074e200000, 0x000000074e200000|100%| S|CS|TAMS 0x000000074e100000, 0x000000074e100000| Complete 
| 118|0x000000074e200000, 0x000000074e200000, 0x000000074e300000|  0%| F|  |TAMS 0x000000074e200000, 0x000000074e200000| Untracked 
| 119|0x000000074e300000, 0x000000074e300000, 0x000000074e400000|  0%| F|  |TAMS 0x000000074e300000, 0x000000074e300000| Untracked 
| 120|0x000000074e400000, 0x000000074e400000, 0x000000074e500000|  0%| F|  |TAMS 0x000000074e400000, 0x000000074e400000| Untracked 
| 121|0x000000074e500000, 0x000000074e500000, 0x000000074e600000|  0%| F|  |TAMS 0x000000074e500000, 0x000000074e500000| Untracked 
| 122|0x000000074e600000, 0x000000074e600000, 0x000000074e700000|  0%| F|  |TAMS 0x000000074e600000, 0x000000074e600000| Untracked 
| 123|0x000000074e700000, 0x000000074e700000, 0x000000074e800000|  0%| F|  |TAMS 0x000000074e700000, 0x000000074e700000| Untracked 
| 124|0x000000074e800000, 0x000000074e800000, 0x000000074e900000|  0%| F|  |TAMS 0x000000074e800000, 0x000000074e800000| Untracked 
| 125|0x000000074e900000, 0x000000074e900000, 0x000000074ea00000|  0%| F|  |TAMS 0x000000074e900000, 0x000000074e900000| Untracked 
| 126|0x000000074ea00000, 0x000000074ea00000, 0x000000074eb00000|  0%| F|  |TAMS 0x000000074ea00000, 0x000000074ea00000| Untracked 
| 127|0x000000074eb00000, 0x000000074eb00000, 0x000000074ec00000|  0%| F|  |TAMS 0x000000074eb00000, 0x000000074eb00000| Untracked 
| 128|0x000000074ec00000, 0x000000074ec00000, 0x000000074ed00000|  0%| F|  |TAMS 0x000000074ec00000, 0x000000074ec00000| Untracked 
| 129|0x000000074ed00000, 0x000000074ed00000, 0x000000074ee00000|  0%| F|  |TAMS 0x000000074ed00000, 0x000000074ed00000| Untracked 
| 130|0x000000074ee00000, 0x000000074ee00000, 0x000000074ef00000|  0%| F|  |TAMS 0x000000074ee00000, 0x000000074ee00000| Untracked 
| 131|0x000000074ef00000, 0x000000074ef00000, 0x000000074f000000|  0%| F|  |TAMS 0x000000074ef00000, 0x000000074ef00000| Untracked 
| 132|0x000000074f000000, 0x000000074f000000, 0x000000074f100000|  0%| F|  |TAMS 0x000000074f000000, 0x000000074f000000| Untracked 
| 133|0x000000074f100000, 0x000000074f100000, 0x000000074f200000|  0%| F|  |TAMS 0x000000074f100000, 0x000000074f100000| Untracked 
| 134|0x000000074f200000, 0x000000074f200000, 0x000000074f300000|  0%| F|  |TAMS 0x000000074f200000, 0x000000074f200000| Untracked 
| 135|0x000000074f300000, 0x000000074f300000, 0x000000074f400000|  0%| F|  |TAMS 0x000000074f300000, 0x000000074f300000| Untracked 
| 136|0x000000074f400000, 0x000000074f400000, 0x000000074f500000|  0%| F|  |TAMS 0x000000074f400000, 0x000000074f400000| Untracked 
| 137|0x000000074f500000, 0x000000074f500000, 0x000000074f600000|  0%| F|  |TAMS 0x000000074f500000, 0x000000074f500000| Untracked 
| 138|0x000000074f600000, 0x000000074f600000, 0x000000074f700000|  0%| F|  |TAMS 0x000000074f600000, 0x000000074f600000| Untracked 
| 139|0x000000074f700000, 0x000000074f700000, 0x000000074f800000|  0%| F|  |TAMS 0x000000074f700000, 0x000000074f700000| Untracked 
| 140|0x000000074f800000, 0x000000074f800000, 0x000000074f900000|  0%| F|  |TAMS 0x000000074f800000, 0x000000074f800000| Untracked 
| 141|0x000000074f900000, 0x000000074f900000, 0x000000074fa00000|  0%| F|  |TAMS 0x000000074f900000, 0x000000074f900000| Untracked 
| 142|0x000000074fa00000, 0x000000074fa00000, 0x000000074fb00000|  0%| F|  |TAMS 0x000000074fa00000, 0x000000074fa00000| Untracked 
| 143|0x000000074fb00000, 0x000000074fb00000, 0x000000074fc00000|  0%| F|  |TAMS 0x000000074fb00000, 0x000000074fb00000| Untracked 
| 144|0x000000074fc00000, 0x000000074fc00000, 0x000000074fd00000|  0%| F|  |TAMS 0x000000074fc00000, 0x000000074fc00000| Untracked 
| 145|0x000000074fd00000, 0x000000074fd00000, 0x000000074fe00000|  0%| F|  |TAMS 0x000000074fd00000, 0x000000074fd00000| Untracked 
| 146|0x000000074fe00000, 0x000000074fe00000, 0x000000074ff00000|  0%| F|  |TAMS 0x000000074fe00000, 0x000000074fe00000| Untracked 
| 147|0x000000074ff00000, 0x000000074ff00000, 0x0000000750000000|  0%| F|  |TAMS 0x000000074ff00000, 0x000000074ff00000| Untracked 
| 148|0x0000000750000000, 0x0000000750000000, 0x0000000750100000|  0%| F|  |TAMS 0x0000000750000000, 0x0000000750000000| Untracked 
| 149|0x0000000750100000, 0x0000000750100000, 0x0000000750200000|  0%| F|  |TAMS 0x0000000750100000, 0x0000000750100000| Untracked 
| 150|0x0000000750200000, 0x0000000750200000, 0x0000000750300000|  0%| F|  |TAMS 0x0000000750200000, 0x0000000750200000| Untracked 
| 151|0x0000000750300000, 0x0000000750300000, 0x0000000750400000|  0%| F|  |TAMS 0x0000000750300000, 0x0000000750300000| Untracked 
| 152|0x0000000750400000, 0x0000000750400000, 0x0000000750500000|  0%| F|  |TAMS 0x0000000750400000, 0x0000000750400000| Untracked 
| 153|0x0000000750500000, 0x0000000750500000, 0x0000000750600000|  0%| F|  |TAMS 0x0000000750500000, 0x0000000750500000| Untracked 
| 154|0x0000000750600000, 0x0000000750600000, 0x0000000750700000|  0%| F|  |TAMS 0x0000000750600000, 0x0000000750600000| Untracked 
| 155|0x0000000750700000, 0x0000000750700000, 0x0000000750800000|  0%| F|  |TAMS 0x0000000750700000, 0x0000000750700000| Untracked 
| 156|0x0000000750800000, 0x0000000750800000, 0x0000000750900000|  0%| F|  |TAMS 0x0000000750800000, 0x0000000750800000| Untracked 
| 157|0x0000000750900000, 0x0000000750900000, 0x0000000750a00000|  0%| F|  |TAMS 0x0000000750900000, 0x0000000750900000| Untracked 
| 158|0x0000000750a00000, 0x0000000750a00000, 0x0000000750b00000|  0%| F|  |TAMS 0x0000000750a00000, 0x0000000750a00000| Untracked 
| 159|0x0000000750b00000, 0x0000000750b00000, 0x0000000750c00000|  0%| F|  |TAMS 0x0000000750b00000, 0x0000000750b00000| Untracked 
| 160|0x0000000750c00000, 0x0000000750c00000, 0x0000000750d00000|  0%| F|  |TAMS 0x0000000750c00000, 0x0000000750c00000| Untracked 
| 161|0x0000000750d00000, 0x0000000750d00000, 0x0000000750e00000|  0%| F|  |TAMS 0x0000000750d00000, 0x0000000750d00000| Untracked 
| 162|0x0000000750e00000, 0x0000000750e00000, 0x0000000750f00000|  0%| F|  |TAMS 0x0000000750e00000, 0x0000000750e00000| Untracked 
| 163|0x0000000750f00000, 0x0000000750f00000, 0x0000000751000000|  0%| F|  |TAMS 0x0000000750f00000, 0x0000000750f00000| Untracked 
| 164|0x0000000751000000, 0x0000000751000000, 0x0000000751100000|  0%| F|  |TAMS 0x0000000751000000, 0x0000000751000000| Untracked 
| 165|0x0000000751100000, 0x0000000751100000, 0x0000000751200000|  0%| F|  |TAMS 0x0000000751100000, 0x0000000751100000| Untracked 
| 166|0x0000000751200000, 0x0000000751200000, 0x0000000751300000|  0%| F|  |TAMS 0x0000000751200000, 0x0000000751200000| Untracked 
| 167|0x0000000751300000, 0x0000000751300000, 0x0000000751400000|  0%| F|  |TAMS 0x0000000751300000, 0x0000000751300000| Untracked 
| 168|0x0000000751400000, 0x0000000751400000, 0x0000000751500000|  0%| F|  |TAMS 0x0000000751400000, 0x0000000751400000| Untracked 
| 169|0x0000000751500000, 0x0000000751500000, 0x0000000751600000|  0%| F|  |TAMS 0x0000000751500000, 0x0000000751500000| Untracked 
| 170|0x0000000751600000, 0x0000000751600000, 0x0000000751700000|  0%| F|  |TAMS 0x0000000751600000, 0x0000000751600000| Untracked 
| 171|0x0000000751700000, 0x0000000751700000, 0x0000000751800000|  0%| F|  |TAMS 0x0000000751700000, 0x0000000751700000| Untracked 
| 172|0x0000000751800000, 0x0000000751800000, 0x0000000751900000|  0%| F|  |TAMS 0x0000000751800000, 0x0000000751800000| Untracked 
| 173|0x0000000751900000, 0x0000000751900000, 0x0000000751a00000|  0%| F|  |TAMS 0x0000000751900000, 0x0000000751900000| Untracked 
| 174|0x0000000751a00000, 0x0000000751a00000, 0x0000000751b00000|  0%| F|  |TAMS 0x0000000751a00000, 0x0000000751a00000| Untracked 
| 175|0x0000000751b00000, 0x0000000751b00000, 0x0000000751c00000|  0%| F|  |TAMS 0x0000000751b00000, 0x0000000751b00000| Untracked 
| 176|0x0000000751c00000, 0x0000000751c00000, 0x0000000751d00000|  0%| F|  |TAMS 0x0000000751c00000, 0x0000000751c00000| Untracked 
| 177|0x0000000751d00000, 0x0000000751d00000, 0x0000000751e00000|  0%| F|  |TAMS 0x0000000751d00000, 0x0000000751d00000| Untracked 
| 178|0x0000000751e00000, 0x0000000751e00000, 0x0000000751f00000|  0%| F|  |TAMS 0x0000000751e00000, 0x0000000751e00000| Untracked 
| 179|0x0000000751f00000, 0x0000000751f00000, 0x0000000752000000|  0%| F|  |TAMS 0x0000000751f00000, 0x0000000751f00000| Untracked 
| 180|0x0000000752000000, 0x0000000752000000, 0x0000000752100000|  0%| F|  |TAMS 0x0000000752000000, 0x0000000752000000| Untracked 
| 181|0x0000000752100000, 0x0000000752100000, 0x0000000752200000|  0%| F|  |TAMS 0x0000000752100000, 0x0000000752100000| Untracked 
| 182|0x0000000752200000, 0x0000000752200000, 0x0000000752300000|  0%| F|  |TAMS 0x0000000752200000, 0x0000000752200000| Untracked 
| 183|0x0000000752300000, 0x0000000752300000, 0x0000000752400000|  0%| F|  |TAMS 0x0000000752300000, 0x0000000752300000| Untracked 
| 184|0x0000000752400000, 0x0000000752400000, 0x0000000752500000|  0%| F|  |TAMS 0x0000000752400000, 0x0000000752400000| Untracked 
| 185|0x0000000752500000, 0x0000000752500000, 0x0000000752600000|  0%| F|  |TAMS 0x0000000752500000, 0x0000000752500000| Untracked 
| 186|0x0000000752600000, 0x0000000752600000, 0x0000000752700000|  0%| F|  |TAMS 0x0000000752600000, 0x0000000752600000| Untracked 
| 187|0x0000000752700000, 0x0000000752700000, 0x0000000752800000|  0%| F|  |TAMS 0x0000000752700000, 0x0000000752700000| Untracked 
| 188|0x0000000752800000, 0x0000000752800000, 0x0000000752900000|  0%| F|  |TAMS 0x0000000752800000, 0x0000000752800000| Untracked 
| 189|0x0000000752900000, 0x0000000752900000, 0x0000000752a00000|  0%| F|  |TAMS 0x0000000752900000, 0x0000000752900000| Untracked 
| 190|0x0000000752a00000, 0x0000000752a00000, 0x0000000752b00000|  0%| F|  |TAMS 0x0000000752a00000, 0x0000000752a00000| Untracked 
| 191|0x0000000752b00000, 0x0000000752b00000, 0x0000000752c00000|  0%| F|  |TAMS 0x0000000752b00000, 0x0000000752b00000| Untracked 
| 192|0x0000000752c00000, 0x0000000752c00000, 0x0000000752d00000|  0%| F|  |TAMS 0x0000000752c00000, 0x0000000752c00000| Untracked 
| 193|0x0000000752d00000, 0x0000000752d00000, 0x0000000752e00000|  0%| F|  |TAMS 0x0000000752d00000, 0x0000000752d00000| Untracked 
| 194|0x0000000752e00000, 0x0000000752e00000, 0x0000000752f00000|  0%| F|  |TAMS 0x0000000752e00000, 0x0000000752e00000| Untracked 
| 195|0x0000000752f00000, 0x0000000753000000, 0x0000000753000000|100%| E|  |TAMS 0x0000000752f00000, 0x0000000752f00000| Complete 
| 196|0x0000000753000000, 0x0000000753100000, 0x0000000753100000|100%| E|CS|TAMS 0x0000000753000000, 0x0000000753000000| Complete 
| 197|0x0000000753100000, 0x0000000753200000, 0x0000000753200000|100%| E|CS|TAMS 0x0000000753100000, 0x0000000753100000| Complete 
| 198|0x0000000753200000, 0x0000000753300000, 0x0000000753300000|100%| E|CS|TAMS 0x0000000753200000, 0x0000000753200000| Complete 
| 199|0x0000000753300000, 0x0000000753400000, 0x0000000753400000|100%| E|CS|TAMS 0x0000000753300000, 0x0000000753300000| Complete 
| 200|0x0000000753400000, 0x0000000753500000, 0x0000000753500000|100%| E|CS|TAMS 0x0000000753400000, 0x0000000753400000| Complete 
| 201|0x0000000753500000, 0x0000000753600000, 0x0000000753600000|100%| E|CS|TAMS 0x0000000753500000, 0x0000000753500000| Complete 
| 202|0x0000000753600000, 0x0000000753700000, 0x0000000753700000|100%| E|CS|TAMS 0x0000000753600000, 0x0000000753600000| Complete 
| 203|0x0000000753700000, 0x0000000753800000, 0x0000000753800000|100%| E|CS|TAMS 0x0000000753700000, 0x0000000753700000| Complete 
| 204|0x0000000753800000, 0x0000000753900000, 0x0000000753900000|100%| E|CS|TAMS 0x0000000753800000, 0x0000000753800000| Complete 
| 205|0x0000000753900000, 0x0000000753a00000, 0x0000000753a00000|100%| E|CS|TAMS 0x0000000753900000, 0x0000000753900000| Complete 
| 206|0x0000000753a00000, 0x0000000753b00000, 0x0000000753b00000|100%| E|CS|TAMS 0x0000000753a00000, 0x0000000753a00000| Complete 
| 207|0x0000000753b00000, 0x0000000753c00000, 0x0000000753c00000|100%| E|CS|TAMS 0x0000000753b00000, 0x0000000753b00000| Complete 
| 208|0x0000000753c00000, 0x0000000753d00000, 0x0000000753d00000|100%| E|CS|TAMS 0x0000000753c00000, 0x0000000753c00000| Complete 
| 209|0x0000000753d00000, 0x0000000753e00000, 0x0000000753e00000|100%| E|CS|TAMS 0x0000000753d00000, 0x0000000753d00000| Complete 
| 210|0x0000000753e00000, 0x0000000753f00000, 0x0000000753f00000|100%| E|CS|TAMS 0x0000000753e00000, 0x0000000753e00000| Complete 
| 211|0x0000000753f00000, 0x0000000754000000, 0x0000000754000000|100%| E|CS|TAMS 0x0000000753f00000, 0x0000000753f00000| Complete 
| 212|0x0000000754000000, 0x0000000754100000, 0x0000000754100000|100%| E|CS|TAMS 0x0000000754000000, 0x0000000754000000| Complete 
| 213|0x0000000754100000, 0x0000000754200000, 0x0000000754200000|100%| E|CS|TAMS 0x0000000754100000, 0x0000000754100000| Complete 
| 214|0x0000000754200000, 0x0000000754300000, 0x0000000754300000|100%| E|CS|TAMS 0x0000000754200000, 0x0000000754200000| Complete 
| 215|0x0000000754300000, 0x0000000754400000, 0x0000000754400000|100%| E|CS|TAMS 0x0000000754300000, 0x0000000754300000| Complete 
| 216|0x0000000754400000, 0x0000000754500000, 0x0000000754500000|100%| E|CS|TAMS 0x0000000754400000, 0x0000000754400000| Complete 
| 217|0x0000000754500000, 0x0000000754600000, 0x0000000754600000|100%| E|CS|TAMS 0x0000000754500000, 0x0000000754500000| Complete 
| 218|0x0000000754600000, 0x0000000754700000, 0x0000000754700000|100%| E|CS|TAMS 0x0000000754600000, 0x0000000754600000| Complete 
| 219|0x0000000754700000, 0x0000000754800000, 0x0000000754800000|100%| E|CS|TAMS 0x0000000754700000, 0x0000000754700000| Complete 
| 220|0x0000000754800000, 0x0000000754900000, 0x0000000754900000|100%| E|CS|TAMS 0x0000000754800000, 0x0000000754800000| Complete 
| 221|0x0000000754900000, 0x0000000754a00000, 0x0000000754a00000|100%| E|CS|TAMS 0x0000000754900000, 0x0000000754900000| Complete 
| 222|0x0000000754a00000, 0x0000000754b00000, 0x0000000754b00000|100%| E|CS|TAMS 0x0000000754a00000, 0x0000000754a00000| Complete 
| 223|0x0000000754b00000, 0x0000000754c00000, 0x0000000754c00000|100%| E|CS|TAMS 0x0000000754b00000, 0x0000000754b00000| Complete 
| 224|0x0000000754c00000, 0x0000000754d00000, 0x0000000754d00000|100%| E|CS|TAMS 0x0000000754c00000, 0x0000000754c00000| Complete 
| 225|0x0000000754d00000, 0x0000000754e00000, 0x0000000754e00000|100%| E|CS|TAMS 0x0000000754d00000, 0x0000000754d00000| Complete 
| 226|0x0000000754e00000, 0x0000000754f00000, 0x0000000754f00000|100%| E|CS|TAMS 0x0000000754e00000, 0x0000000754e00000| Complete 
| 227|0x0000000754f00000, 0x0000000755000000, 0x0000000755000000|100%| E|CS|TAMS 0x0000000754f00000, 0x0000000754f00000| Complete 
| 228|0x0000000755000000, 0x0000000755100000, 0x0000000755100000|100%| E|CS|TAMS 0x0000000755000000, 0x0000000755000000| Complete 
| 229|0x0000000755100000, 0x0000000755200000, 0x0000000755200000|100%| E|CS|TAMS 0x0000000755100000, 0x0000000755100000| Complete 
| 230|0x0000000755200000, 0x0000000755300000, 0x0000000755300000|100%| E|CS|TAMS 0x0000000755200000, 0x0000000755200000| Complete 
| 231|0x0000000755300000, 0x0000000755400000, 0x0000000755400000|100%| E|CS|TAMS 0x0000000755300000, 0x0000000755300000| Complete 
| 232|0x0000000755400000, 0x0000000755500000, 0x0000000755500000|100%| E|CS|TAMS 0x0000000755400000, 0x0000000755400000| Complete 
| 233|0x0000000755500000, 0x0000000755600000, 0x0000000755600000|100%| E|CS|TAMS 0x0000000755500000, 0x0000000755500000| Complete 

Card table byte_map: [0x00007fae30067000,0x00007fae30631000] _byte_map_base: 0x00007fae2c631000

Marking Bits (Prev, Next): (CMBitMap*) 0x00007fae2c0785b0, (CMBitMap*) 0x00007fae2c078578
 Prev Bits: [0x00007fae0a360000, 0x00007fae0d1b0000)
 Next Bits: [0x00007fae0d1b0000, 0x00007fae10000000)

Polling page: 0x00007fae33ade000

Metaspace:

Usage:
  Non-class:     30,07 MB capacity,    29,44 MB ( 98%) used,   525,59 KB (  2%) free+waste,   115,56 KB ( <1%) overhead. 
      Class:      4,60 MB capacity,     4,18 MB ( 91%) used,   376,16 KB (  8%) free+waste,    56,19 KB (  1%) overhead. 
       Both:     34,66 MB capacity,    33,61 MB ( 97%) used,   901,74 KB (  3%) free+waste,   171,75 KB ( <1%) overhead. 

Virtual space:
  Non-class space:       32,00 MB reserved,      30,17 MB ( 94%) committed 
      Class space:        1,00 GB reserved,       4,62 MB ( <1%) committed 
             Both:        1,03 GB reserved,      34,79 MB (  3%) committed 

Chunk freelists:
   Non-Class:  8,12 KB
       Class:  3,50 KB
        Both:  11,62 KB

CodeHeap 'non-profiled nmethods': size=238948Kb used=6444Kb max_used=6444Kb free=232503Kb
 bounds [0x00007fae152af000, 0x00007fae158ff000, 0x00007fae23c08000]
CodeHeap 'non-nmethods': size=6812Kb used=1218Kb max_used=1218Kb free=5594Kb
 bounds [0x00007fae14c08000, 0x00007fae14e78000, 0x00007fae152af000]
 total_blobs=4289 nmethods=3771 adapters=417
 compilation: enabled
              stopped_count=0, restarted_count=0
 full_count=0

Compilation events (10 events):
Event: 7,376 Thread 0x00007fae2c223000 3780       1       org.springframework.beans.factory.config.ConstructorArgumentValues$ValueHolder::getValue (5 bytes)
Event: 7,376 Thread 0x00007fae2c223000 nmethod 3780 0x00007fae158f7490 code [0x00007fae158f7640, 0x00007fae158f7750]
Event: 7,376 Thread 0x00007fae2c223000 3786       1       org.springframework.boot.autoconfigure.SharedMetadataReaderFactoryContextInitializer$SharedMetadataReaderFactoryBean::getObjectType (3 bytes)
Event: 7,376 Thread 0x00007fae2c223000 nmethod 3786 0x00007fae158f7810 code [0x00007fae158f79c0, 0x00007fae158f7ad0]
Event: 7,377 Thread 0x00007fae2c223000 3787       1       org.springframework.core.SerializableTypeWrapper::forTypeProvider (191 bytes)
Event: 7,378 Thread 0x00007fae2c223000 nmethod 3787 0x00007fae158f7b90 code [0x00007fae158f7ea0, 0x00007fae158f8cd8]
Event: 7,378 Thread 0x00007fae2c223000 3788       1       org.springframework.core.ResolvableType::forType (7 bytes)
Event: 7,379 Thread 0x00007fae2c223000 nmethod 3788 0x00007fae158f9510 code [0x00007fae158f96c0, 0x00007fae158f97e8]
Event: 7,379 Thread 0x00007fae2c223000 3789       1       org.springframework.core.MethodParameter::getContainingClass (18 bytes)
Event: 7,379 Thread 0x00007fae2c223000 nmethod 3789 0x00007fae158f9890 code [0x00007fae158f9a40, 0x00007fae158f9ba8]

GC Heap History (10 events):
Event: 1,510 GC heap before
{Heap before GC invocations=2 (full 0):
 garbage-first heap   total 190464K, used 33682K [0x0000000746c00000, 0x0000000800000000)
  region size 1024K, 26 young (26624K), 2 survivors (2048K)
 Metaspace       used 15536K, capacity 15939K, committed 16256K, reserved 1062912K
  class space    used 1646K, capacity 1814K, committed 1920K, reserved 1048576K
}
Event: 1,521 GC heap after
{Heap after GC invocations=3 (full 0):
 garbage-first heap   total 190464K, used 10898K [0x0000000746c00000, 0x0000000800000000)
  region size 1024K, 3 young (3072K), 3 survivors (3072K)
 Metaspace       used 15536K, capacity 15939K, committed 16256K, reserved 1062912K
  class space    used 1646K, capacity 1814K, committed 1920K, reserved 1048576K
}
Event: 1,547 GC heap before
{Heap before GC invocations=3 (full 0):
 garbage-first heap   total 190464K, used 46738K [0x0000000746c00000, 0x0000000800000000)
  region size 1024K, 39 young (39936K), 3 survivors (3072K)
 Metaspace       used 15557K, capacity 15942K, committed 16256K, reserved 1062912K
  class space    used 1649K, capacity 1815K, committed 1920K, reserved 1048576K
}
Event: 1,556 GC heap after
{Heap after GC invocations=4 (full 0):
 garbage-first heap   total 190464K, used 10978K [0x0000000746c00000, 0x0000000800000000)
  region size 1024K, 3 young (3072K), 3 survivors (3072K)
 Metaspace       used 15557K, capacity 15942K, committed 16256K, reserved 1062912K
  class space    used 1649K, capacity 1815K, committed 1920K, reserved 1048576K
}
Event: 2,185 GC heap before
{Heap before GC invocations=4 (full 0):
 garbage-first heap   total 190464K, used 42722K [0x0000000746c00000, 0x0000000800000000)
  region size 1024K, 36 young (36864K), 3 survivors (3072K)
 Metaspace       used 20550K, capacity 21180K, committed 21248K, reserved 1069056K
  class space    used 2318K, capacity 2540K, committed 2560K, reserved 1048576K
}
Event: 2,197 GC heap after
{Heap after GC invocations=5 (full 0):
 garbage-first heap   total 239616K, used 12147K [0x0000000746c00000, 0x0000000800000000)
  region size 1024K, 4 young (4096K), 4 survivors (4096K)
 Metaspace       used 20550K, capacity 21180K, committed 21248K, reserved 1069056K
  class space    used 2318K, capacity 2540K, committed 2560K, reserved 1048576K
}
Event: 3,080 GC heap before
{Heap before GC invocations=6 (full 0):
 garbage-first heap   total 239616K, used 89971K [0x0000000746c00000, 0x0000000800000000)
  region size 1024K, 81 young (82944K), 4 survivors (4096K)
 Metaspace       used 27700K, capacity 28553K, committed 28800K, reserved 1075200K
  class space    used 3348K, capacity 3680K, committed 3712K, reserved 1048576K
}
Event: 3,090 GC heap after
{Heap after GC invocations=7 (full 0):
 garbage-first heap   total 239616K, used 14168K [0x0000000746c00000, 0x0000000800000000)
  region size 1024K, 6 young (6144K), 6 survivors (6144K)
 Metaspace       used 27700K, capacity 28553K, committed 28800K, reserved 1075200K
  class space    used 3348K, capacity 3680K, committed 3712K, reserved 1048576K
}
Event: 6,915 GC heap before
{Heap before GC invocations=7 (full 0):
 garbage-first heap   total 239616K, used 125784K [0x0000000746c00000, 0x0000000800000000)
  region size 1024K, 116 young (118784K), 6 survivors (6144K)
 Metaspace       used 31548K, capacity 32514K, committed 32640K, reserved 1077248K
  class space    used 3866K, capacity 4205K, committed 4224K, reserved 1048576K
}
Event: 6,928 GC heap after
{Heap after GC invocations=8 (full 0):
 garbage-first heap   total 239616K, used 17624K [0x0000000746c00000, 0x0000000800000000)
  region size 1024K, 9 young (9216K), 9 survivors (9216K)
 Metaspace       used 31548K, capacity 32514K, committed 32640K, reserved 1077248K
  class space    used 3866K, capacity 4205K, committed 4224K, reserved 1048576K
}

Deoptimization events (0 events):
No events

Classes redefined (0 events):
No events

Internal exceptions (10 events):
Event: 4,045 Thread 0x00007fadbc002800 Exception <a 'java/lang/reflect/InvocationTargetException'{0x0000000750997460}> (0x0000000750997460) thrown at [/opt/mach5/mesos/work_dir/slaves/fcf4c0c4-d73e-4321-860c-6613427db92b-S2191/frameworks/1735e8a2-a1db-478c-8104-60c8b0af87dd-0196/executors/037f
Event: 4,558 Thread 0x00007fadbc002800 Exception <a 'java/lang/reflect/InvocationTargetException'{0x00000007509a4628}> (0x00000007509a4628) thrown at [/opt/mach5/mesos/work_dir/slaves/fcf4c0c4-d73e-4321-860c-6613427db92b-S2191/frameworks/1735e8a2-a1db-478c-8104-60c8b0af87dd-0196/executors/037f
Event: 5,072 Thread 0x00007fadbc002800 Exception <a 'java/lang/reflect/InvocationTargetException'{0x00000007509b1958}> (0x00000007509b1958) thrown at [/opt/mach5/mesos/work_dir/slaves/fcf4c0c4-d73e-4321-860c-6613427db92b-S2191/frameworks/1735e8a2-a1db-478c-8104-60c8b0af87dd-0196/executors/037f
Event: 5,594 Thread 0x00007fadbc002800 Exception <a 'java/lang/reflect/InvocationTargetException'{0x00000007509bebc0}> (0x00000007509bebc0) thrown at [/opt/mach5/mesos/work_dir/slaves/fcf4c0c4-d73e-4321-860c-6613427db92b-S2191/frameworks/1735e8a2-a1db-478c-8104-60c8b0af87dd-0196/executors/037f
Event: 5,713 Thread 0x00007fada0009800 Exception <a 'java/net/SocketTimeoutException'{0x000000074ef2f028}: connect timed out> (0x000000074ef2f028) thrown at [/opt/mach5/mesos/work_dir/slaves/fcf4c0c4-d73e-4321-860c-6613427db92b-S2191/frameworks/1735e8a2-a1db-478c-8104-60c8b0af87dd-0196/executo
Event: 6,102 Thread 0x00007fadbc002800 Exception <a 'java/lang/reflect/InvocationTargetException'{0x000000074eee3308}> (0x000000074eee3308) thrown at [/opt/mach5/mesos/work_dir/slaves/fcf4c0c4-d73e-4321-860c-6613427db92b-S2191/frameworks/1735e8a2-a1db-478c-8104-60c8b0af87dd-0196/executors/037f
Event: 6,616 Thread 0x00007fadbc002800 Exception <a 'java/lang/reflect/InvocationTargetException'{0x000000074eef0620}> (0x000000074eef0620) thrown at [/opt/mach5/mesos/work_dir/slaves/fcf4c0c4-d73e-4321-860c-6613427db92b-S2191/frameworks/1735e8a2-a1db-478c-8104-60c8b0af87dd-0196/executors/037f
Event: 7,101 Thread 0x00007fada0009800 Exception <a 'java/lang/NoSuchMethodError'{0x0000000754508c80}: java.lang.invoke.DirectMethodHandle$Holder.invokeSpecialIFC(Ljava/lang/Object;Ljava/lang/Object;Ljava/lang/Object;Ljava/lang/Object;)Ljava/lang/Object;> (0x0000000754508c80) thrown at [/opt/m
Event: 7,101 Thread 0x00007fada0009800 Exception <a 'java/lang/NoSuchMethodError'{0x000000075450f550}: java.lang.invoke.DirectMethodHandle$Holder.invokeSpecialIFC(Ljava/lang/Object;Ljava/lang/Object;Ljava/lang/Object;)Ljava/lang/Object;> (0x000000075450f550) thrown at [/opt/mach5/mesos/work_di
Event: 7,137 Thread 0x00007fadbc002800 Exception <a 'java/lang/reflect/InvocationTargetException'{0x000000075448b948}> (0x000000075448b948) thrown at [/opt/mach5/mesos/work_dir/slaves/fcf4c0c4-d73e-4321-860c-6613427db92b-S2191/frameworks/1735e8a2-a1db-478c-8104-60c8b0af87dd-0196/executors/037f

Events (10 events):
Event: 7,383 Thread 0x00007fada0009800 DEOPT UNPACKING pc=0x00007fae14c40fba sp=0x00007fadf876ac68 mode 1
Event: 7,383 Thread 0x00007fada0009800 DEOPT PACKING pc=0x00007fae1575c324 sp=0x00007fadf876b800
Event: 7,383 Thread 0x00007fada0009800 DEOPT UNPACKING pc=0x00007fae14c40fba sp=0x00007fadf876ad70 mode 1
Event: 7,383 Thread 0x00007fada0009800 DEOPT PACKING pc=0x00007fae1575e051 sp=0x00007fadf876bb80
Event: 7,383 Thread 0x00007fada0009800 DEOPT UNPACKING pc=0x00007fae14c40fba sp=0x00007fadf876b068 mode 1
Event: 7,383 Thread 0x00007fada0009800 DEOPT PACKING pc=0x00007fae1575d75c sp=0x00007fadf876bc00
Event: 7,383 Thread 0x00007fada0009800 DEOPT UNPACKING pc=0x00007fae14c40fba sp=0x00007fadf876b0c8 mode 1
Event: 7,383 Thread 0x00007fada0009800 DEOPT PACKING pc=0x00007fae1575c324 sp=0x00007fadf876bc60
Event: 7,383 Thread 0x00007fada0009800 DEOPT UNPACKING pc=0x00007fae14c40fba sp=0x00007fadf876b1d0 mode 1
Event: 7,386 Executing VM operation: ChangeBreakpoints


Dynamic libraries:
00400000-00401000 r-xp 00000000 fd:00 27002828                           /opt/jdk-11.0.5/bin/java
00600000-00601000 r--p 00000000 fd:00 27002828                           /opt/jdk-11.0.5/bin/java
00601000-00602000 rw-p 00001000 fd:00 27002828                           /opt/jdk-11.0.5/bin/java
015fb000-0161c000 rw-p 00000000 00:00 0                                  [heap]
746c00000-755600000 rw-p 00000000 00:00 0 
755600000-800000000 ---p 00000000 00:00 0 
800000000-8004a0000 rw-p 00000000 00:00 0 
8004a0000-840000000 ---p 00000000 00:00 0 
7fad90000000-7fad90021000 rw-p 00000000 00:00 0 
7fad90021000-7fad94000000 ---p 00000000 00:00 0 
7fad96d7d000-7fad9712a000 rw-p 00000000 00:00 0 
7fad9712a000-7fad972ff000 ---p 00000000 00:00 0 
7fad972ff000-7fad974ff000 rw-p 00000000 00:00 0 
7fad974ff000-7fad976ff000 rw-p 00000000 00:00 0 
7fad976ff000-7fad978ff000 rw-p 00000000 00:00 0 
7fad978ff000-7fad97aff000 rw-p 00000000 00:00 0 
7fad97aff000-7fad97cff000 rw-p 00000000 00:00 0 
7fad97cff000-7fad97d03000 ---p 00000000 00:00 0 
7fad97d03000-7fad98000000 rw-p 00000000 00:00 0 
7fad98000000-7fad98339000 rw-p 00000000 00:00 0 
7fad98339000-7fad9c000000 ---p 00000000 00:00 0 
7fad9c000000-7fad9c021000 rw-p 00000000 00:00 0 
7fad9c021000-7fada0000000 ---p 00000000 00:00 0 
7fada0000000-7fada0021000 rw-p 00000000 00:00 0 
7fada0021000-7fada4000000 ---p 00000000 00:00 0 
7fada4000000-7fada5296000 rw-p 00000000 00:00 0 
7fada5296000-7fada8000000 ---p 00000000 00:00 0 
7fada8000000-7fada8076000 rw-p 00000000 00:00 0 
7fada8076000-7fadac000000 ---p 00000000 00:00 0 
7fadac000000-7fadac021000 rw-p 00000000 00:00 0 
7fadac021000-7fadb0000000 ---p 00000000 00:00 0 
7fadb0000000-7fadb0021000 rw-p 00000000 00:00 0 
7fadb0021000-7fadb4000000 ---p 00000000 00:00 0 
7fadb4000000-7fadb4029000 rw-p 00000000 00:00 0 
7fadb4029000-7fadb8000000 ---p 00000000 00:00 0 
7fadb8000000-7fadb8021000 rw-p 00000000 00:00 0 
7fadb8021000-7fadbc000000 ---p 00000000 00:00 0 
7fadbc000000-7fadbc021000 rw-p 00000000 00:00 0 
7fadbc021000-7fadc0000000 ---p 00000000 00:00 0 
7fadc0000000-7fadc0021000 rw-p 00000000 00:00 0 
7fadc0021000-7fadc4000000 ---p 00000000 00:00 0 
7fadc4000000-7fadc4021000 rw-p 00000000 00:00 0 
7fadc4021000-7fadc8000000 ---p 00000000 00:00 0 
7fadc8000000-7fadc8021000 rw-p 00000000 00:00 0 
7fadc8021000-7fadcc000000 ---p 00000000 00:00 0 
7fadcc000000-7fadcc021000 rw-p 00000000 00:00 0 
7fadcc021000-7fadd0000000 ---p 00000000 00:00 0 
7fadd0000000-7fadd0030000 rw-p 00000000 00:00 0 
7fadd0030000-7fadd4000000 ---p 00000000 00:00 0 
7fadd4000000-7fadd4079000 rw-p 00000000 00:00 0 
7fadd4079000-7fadd8000000 ---p 00000000 00:00 0 
7fadd8000000-7fadd8021000 rw-p 00000000 00:00 0 
7fadd8021000-7faddc000000 ---p 00000000 00:00 0 
7faddc000000-7faddc021000 rw-p 00000000 00:00 0 
7faddc021000-7fade0000000 ---p 00000000 00:00 0 
7fade0000000-7fade0021000 rw-p 00000000 00:00 0 
7fade0021000-7fade4000000 ---p 00000000 00:00 0 
7fade4000000-7fade442c000 rw-p 00000000 00:00 0 
7fade442c000-7fade8000000 ---p 00000000 00:00 0 
7fade8000000-7fade8021000 rw-p 00000000 00:00 0 
7fade8021000-7fadec000000 ---p 00000000 00:00 0 
7fadec000000-7fadec021000 rw-p 00000000 00:00 0 
7fadec021000-7fadf0000000 ---p 00000000 00:00 0 
7fadf0000000-7fadf00cf000 rw-p 00000000 00:00 0 
7fadf00cf000-7fadf4000000 ---p 00000000 00:00 0 
7fadf4000000-7fadf4021000 rw-p 00000000 00:00 0 
7fadf4021000-7fadf8000000 ---p 00000000 00:00 0 
7fadf806e000-7fadf8072000 ---p 00000000 00:00 0 
7fadf8072000-7fadf836f000 rw-p 00000000 00:00 0 
7fadf836f000-7fadf8373000 ---p 00000000 00:00 0 
7fadf8373000-7fadf8670000 rw-p 00000000 00:00 0 
7fadf8670000-7fadf8674000 ---p 00000000 00:00 0 
7fadf8674000-7fadf8771000 rw-p 00000000 00:00 0 
7fadf8771000-7fadf8775000 ---p 00000000 00:00 0 
7fadf8775000-7fadf8872000 rw-p 00000000 00:00 0 
7fadf8872000-7fadf8876000 ---p 00000000 00:00 0 
7fadf8876000-7fadf8b73000 rw-p 00000000 00:00 0 
7fadf8b73000-7fadf8b77000 ---p 00000000 00:00 0 
7fadf8b77000-7fadf8c74000 rw-p 00000000 00:00 0 
7fadf8c74000-7fadf8c78000 ---p 00000000 00:00 0 
7fadf8c78000-7fadf8d75000 rw-p 00000000 00:00 0 
7fadf8d75000-7fadf8d76000 ---p 00000000 00:00 0 
7fadf8d76000-7fadf9077000 rw-p 00000000 00:00 0 
7fadf9077000-7fadf907b000 ---p 00000000 00:00 0 
7fadf907b000-7fadf9178000 rw-p 00000000 00:00 0 
7fadf9178000-7fadf917a000 r-xp 00000000 fd:00 27003222                   /opt/jdk-11.0.5/lib/libextnet.so
7fadf917a000-7fadf9379000 ---p 00002000 fd:00 27003222                   /opt/jdk-11.0.5/lib/libextnet.so
7fadf9379000-7fadf937a000 r--p 00001000 fd:00 27003222                   /opt/jdk-11.0.5/lib/libextnet.so
7fadf937a000-7fadf937b000 rw-p 00002000 fd:00 27003222                   /opt/jdk-11.0.5/lib/libextnet.so
7fadf937b000-7fadf937e000 r-xp 00000000 fd:00 5644851                    /usr/lib/x86_64-linux-gnu/libnss_mdns4_minimal.so.2
7fadf937e000-7fadf957d000 ---p 00003000 fd:00 5644851                    /usr/lib/x86_64-linux-gnu/libnss_mdns4_minimal.so.2
7fadf957d000-7fadf957e000 r--p 00002000 fd:00 5644851                    /usr/lib/x86_64-linux-gnu/libnss_mdns4_minimal.so.2
7fadf957e000-7fadf957f000 rw-p 00003000 fd:00 5644851                    /usr/lib/x86_64-linux-gnu/libnss_mdns4_minimal.so.2
7fadf957f000-7fadf977f000 rw-p 00000000 00:00 0 
7fadf977f000-7fadf9780000 ---p 00000000 00:00 0 
7fadf9780000-7fadf9881000 rw-p 00000000 00:00 0 
7fadf9881000-7fadf9882000 ---p 00000000 00:00 0 
7fadf9882000-7fadf9983000 rw-p 00000000 00:00 0 
7fadf9983000-7fadf9984000 ---p 00000000 00:00 0 
7fadf9984000-7fadf9a85000 rw-p 00000000 00:00 0 
7fadf9a85000-7fadf9a8a000 r-xp 00000000 fd:00 27003239                   /opt/jdk-11.0.5/lib/libmanagement_ext.so
7fadf9a8a000-7fadf9c89000 ---p 00005000 fd:00 27003239                   /opt/jdk-11.0.5/lib/libmanagement_ext.so
7fadf9c89000-7fadf9c8a000 r--p 00004000 fd:00 27003239                   /opt/jdk-11.0.5/lib/libmanagement_ext.so
7fadf9c8a000-7fadf9c8b000 rw-p 00005000 fd:00 27003239                   /opt/jdk-11.0.5/lib/libmanagement_ext.so
7fadf9c8b000-7fadf9c8f000 r-xp 00000000 fd:00 27003237                   /opt/jdk-11.0.5/lib/libmanagement.so
7fadf9c8f000-7fadf9e8e000 ---p 00004000 fd:00 27003237                   /opt/jdk-11.0.5/lib/libmanagement.so
7fadf9e8e000-7fadf9e8f000 r--p 00003000 fd:00 27003237                   /opt/jdk-11.0.5/lib/libmanagement.so
7fadf9e8f000-7fadf9e90000 rw-p 00004000 fd:00 27003237                   /opt/jdk-11.0.5/lib/libmanagement.so
7fadf9e90000-7fadf9e94000 ---p 00000000 00:00 0 
7fadf9e94000-7fadf9f91000 rw-p 00000000 00:00 0 
7fadf9f91000-7fadf9fa8000 r-xp 00000000 fd:00 27003241                   /opt/jdk-11.0.5/lib/libnet.so
7fadf9fa8000-7fadfa1a7000 ---p 00017000 fd:00 27003241                   /opt/jdk-11.0.5/lib/libnet.so
7fadfa1a7000-7fadfa1a8000 r--p 00016000 fd:00 27003241                   /opt/jdk-11.0.5/lib/libnet.so
7fadfa1a8000-7fadfa1a9000 rw-p 00017000 fd:00 27003241                   /opt/jdk-11.0.5/lib/libnet.so
7fadfa1a9000-7fadfa1b9000 r-xp 00000000 fd:00 27003242                   /opt/jdk-11.0.5/lib/libnio.so
7fadfa1b9000-7fadfa3b8000 ---p 00010000 fd:00 27003242                   /opt/jdk-11.0.5/lib/libnio.so
7fadfa3b8000-7fadfa3b9000 r--p 0000f000 fd:00 27003242                   /opt/jdk-11.0.5/lib/libnio.so
7fadfa3b9000-7fadfa3ba000 rw-p 00010000 fd:00 27003242                   /opt/jdk-11.0.5/lib/libnio.so
7fadfa3ba000-7fadfa3be000 ---p 00000000 00:00 0 
7fadfa3be000-7fadfa4bb000 rw-p 00000000 00:00 0 
7fadfa4bb000-7fadfa4bf000 ---p 00000000 00:00 0 
7fadfa4bf000-7fadfa5bc000 rw-p 00000000 00:00 0 
7fadfa5bc000-7fadfa5c0000 ---p 00000000 00:00 0 
7fadfa5c0000-7fadfa6bd000 rw-p 00000000 00:00 0 
7fadfa6bd000-7fadfa6c1000 r-xp 00000000 fd:00 27003221                   /opt/jdk-11.0.5/lib/libdt_socket.so
7fadfa6c1000-7fadfa8c1000 ---p 00004000 fd:00 27003221                   /opt/jdk-11.0.5/lib/libdt_socket.so
7fadfa8c1000-7fadfa8c2000 r--p 00004000 fd:00 27003221                   /opt/jdk-11.0.5/lib/libdt_socket.so
7fadfa8c2000-7fadfa8c3000 rw-p 00005000 fd:00 27003221                   /opt/jdk-11.0.5/lib/libdt_socket.so
7fadfa8c3000-7fadfa8c7000 ---p 00000000 00:00 0 
7fadfa8c7000-7fadfa9c4000 rw-p 00000000 00:00 0 
7fadfa9c4000-7fadfa9c8000 ---p 00000000 00:00 0 
7fadfa9c8000-7fadfaac5000 rw-p 00000000 00:00 0 
7fadfaac5000-7fadfaac9000 ---p 00000000 00:00 0 
7fadfaac9000-7fadfabc6000 rw-p 00000000 00:00 0 
7fadfabc6000-7fadfabca000 ---p 00000000 00:00 0 
7fadfabca000-7fadfacc7000 rw-p 00000000 00:00 0 
7fadfacc7000-7fadfb4fc000 r--p 00000000 fd:00 5636257                    /usr/lib/locale/locale-archive
7fadfb4fc000-7fadfb500000 ---p 00000000 00:00 0 
7fadfb500000-7fadfb5fd000 rw-p 00000000 00:00 0 
7fadfb5fd000-7fadfb601000 ---p 00000000 00:00 0 
7fadfb601000-7fadfb6fe000 rw-p 00000000 00:00 0 
7fadfb6fe000-7fadfb6ff000 ---p 00000000 00:00 0 
7fadfb6ff000-7fadfc000000 rw-p 00000000 00:00 0 
7fadfc000000-7fadfc021000 rw-p 00000000 00:00 0 
7fadfc021000-7fae00000000 ---p 00000000 00:00 0 
7fae00000000-7fae00021000 rw-p 00000000 00:00 0 
7fae00021000-7fae04000000 ---p 00000000 00:00 0 
7fae04000000-7fae04021000 rw-p 00000000 00:00 0 
7fae04021000-7fae08000000 ---p 00000000 00:00 0 
7fae08065000-7fae08069000 r--p 00000000 fd:00 5639784                    /usr/lib/x86_64-linux-gnu/libresolv-2.30.so
7fae08069000-7fae08078000 r-xp 00004000 fd:00 5639784                    /usr/lib/x86_64-linux-gnu/libresolv-2.30.so
7fae08078000-7fae0807b000 r--p 00013000 fd:00 5639784                    /usr/lib/x86_64-linux-gnu/libresolv-2.30.so
7fae0807b000-7fae0807c000 ---p 00016000 fd:00 5639784                    /usr/lib/x86_64-linux-gnu/libresolv-2.30.so
7fae0807c000-7fae0807d000 r--p 00016000 fd:00 5639784                    /usr/lib/x86_64-linux-gnu/libresolv-2.30.so
7fae0807d000-7fae0807e000 rw-p 00017000 fd:00 5639784                    /usr/lib/x86_64-linux-gnu/libresolv-2.30.so
7fae0807e000-7fae0815c000 rw-p 00000000 00:00 0 
7fae0815c000-7fae0815d000 ---p 00000000 00:00 0 
7fae0815d000-7fae0825e000 rw-p 00000000 00:00 0 
7fae0825e000-7fae0825f000 ---p 00000000 00:00 0 
7fae0825f000-7fae0a708000 rw-p 00000000 00:00 0 
7fae0a708000-7fae0d1b0000 ---p 00000000 00:00 0 
7fae0d1b0000-7fae0d558000 rw-p 00000000 00:00 0 
7fae0d558000-7fae10000000 ---p 00000000 00:00 0 
7fae10000000-7fae10021000 rw-p 00000000 00:00 0 
7fae10021000-7fae14000000 ---p 00000000 00:00 0 
7fae1400c000-7fae1400e000 r--p 00000000 fd:00 5639777                    /usr/lib/x86_64-linux-gnu/libnss_dns-2.30.so
7fae1400e000-7fae14012000 r-xp 00002000 fd:00 5639777                    /usr/lib/x86_64-linux-gnu/libnss_dns-2.30.so
7fae14012000-7fae14013000 r--p 00006000 fd:00 5639777                    /usr/lib/x86_64-linux-gnu/libnss_dns-2.30.so
7fae14013000-7fae14014000 r--p 00006000 fd:00 5639777                    /usr/lib/x86_64-linux-gnu/libnss_dns-2.30.so
7fae14014000-7fae14015000 rw-p 00007000 fd:00 5639777                    /usr/lib/x86_64-linux-gnu/libnss_dns-2.30.so
7fae1402f000-7fae14036000 r--s 00000000 fd:00 6297107                    /usr/lib/x86_64-linux-gnu/gconv/gconv-modules.cache
7fae14036000-7fae1443a000 rw-p 00000000 00:00 0 
7fae1443a000-7fae1443b000 ---p 00000000 00:00 0 
7fae1443b000-7fae1453c000 rw-p 00000000 00:00 0 
7fae1453c000-7fae1453d000 ---p 00000000 00:00 0 
7fae1453d000-7fae146b3000 rw-p 00000000 00:00 0 
7fae146b3000-7fae14c08000 ---p 00000000 00:00 0 
7fae14c08000-7fae14e78000 rwxp 00000000 00:00 0 
7fae14e78000-7fae152af000 ---p 00000000 00:00 0 
7fae152af000-7fae158ff000 rwxp 00000000 00:00 0 
7fae158ff000-7fae23c08000 ---p 00000000 00:00 0 
7fae23c08000-7fae2c000000 r--s 00000000 fd:00 27003252                   /opt/jdk-11.0.5/lib/modules
7fae2c000000-7fae2cb92000 rw-p 00000000 00:00 0 
7fae2cb92000-7fae30000000 ---p 00000000 00:00 0 
7fae30004000-7fae300dc000 rw-p 00000000 00:00 0 
7fae300dc000-7fae30631000 ---p 00000000 00:00 0 
7fae30631000-7fae306a6000 rw-p 00000000 00:00 0 
7fae306a6000-7fae30bfb000 ---p 00000000 00:00 0 
7fae30bfb000-7fae30fff000 rw-p 00000000 00:00 0 
7fae30fff000-7fae31000000 ---p 00000000 00:00 0 
7fae31000000-7fae3110e000 rw-p 00000000 00:00 0 
7fae3110e000-7fae312d4000 ---p 00000000 00:00 0 
7fae312d4000-7fae312d9000 rw-p 00000000 00:00 0 
7fae312d9000-7fae312e2000 ---p 00000000 00:00 0 
7fae312e2000-7fae312fd000 r-xp 00000000 fd:00 27003233                   /opt/jdk-11.0.5/lib/libjimage.so
7fae312fd000-7fae314fc000 ---p 0001b000 fd:00 27003233                   /opt/jdk-11.0.5/lib/libjimage.so
7fae314fc000-7fae314fe000 r--p 0001a000 fd:00 27003233                   /opt/jdk-11.0.5/lib/libjimage.so
7fae314fe000-7fae314ff000 rw-p 0001c000 fd:00 27003233                   /opt/jdk-11.0.5/lib/libjimage.so
7fae314ff000-7fae31506000 r-xp 00000000 fd:00 27003251                   /opt/jdk-11.0.5/lib/libzip.so
7fae31506000-7fae31705000 ---p 00007000 fd:00 27003251                   /opt/jdk-11.0.5/lib/libzip.so
7fae31705000-7fae31706000 r--p 00006000 fd:00 27003251                   /opt/jdk-11.0.5/lib/libzip.so
7fae31706000-7fae31707000 rw-p 00007000 fd:00 27003251                   /opt/jdk-11.0.5/lib/libzip.so
7fae31707000-7fae3170f000 rw-s 00000000 fd:00 26607644                   /tmp/hsperfdata_alexandr/22866
7fae3170f000-7fae31719000 r-xp 00000000 fd:00 27003224                   /opt/jdk-11.0.5/lib/libinstrument.so
7fae31719000-7fae31918000 ---p 0000a000 fd:00 27003224                   /opt/jdk-11.0.5/lib/libinstrument.so
7fae31918000-7fae31919000 r--p 00009000 fd:00 27003224                   /opt/jdk-11.0.5/lib/libinstrument.so
7fae31919000-7fae3191a000 rw-p 0000a000 fd:00 27003224                   /opt/jdk-11.0.5/lib/libinstrument.so
7fae3191a000-7fae31955000 r-xp 00000000 fd:00 27003232                   /opt/jdk-11.0.5/lib/libjdwp.so
7fae31955000-7fae31b54000 ---p 0003b000 fd:00 27003232                   /opt/jdk-11.0.5/lib/libjdwp.so
7fae31b54000-7fae31b55000 r--p 0003a000 fd:00 27003232                   /opt/jdk-11.0.5/lib/libjdwp.so
7fae31b55000-7fae31b56000 rw-p 0003b000 fd:00 27003232                   /opt/jdk-11.0.5/lib/libjdwp.so
7fae31b56000-7fae31b7f000 r-xp 00000000 fd:00 27003229                   /opt/jdk-11.0.5/lib/libjava.so
7fae31b7f000-7fae31d7e000 ---p 00029000 fd:00 27003229                   /opt/jdk-11.0.5/lib/libjava.so
7fae31d7e000-7fae31d7f000 r--p 00028000 fd:00 27003229                   /opt/jdk-11.0.5/lib/libjava.so
7fae31d7f000-7fae31d81000 rw-p 00029000 fd:00 27003229                   /opt/jdk-11.0.5/lib/libjava.so
7fae31d81000-7fae31d8e000 r-xp 00000000 fd:00 27003250                   /opt/jdk-11.0.5/lib/libverify.so
7fae31d8e000-7fae31f8d000 ---p 0000d000 fd:00 27003250                   /opt/jdk-11.0.5/lib/libverify.so
7fae31f8d000-7fae31f8f000 r--p 0000c000 fd:00 27003250                   /opt/jdk-11.0.5/lib/libverify.so
7fae31f8f000-7fae31f90000 rw-p 0000e000 fd:00 27003250                   /opt/jdk-11.0.5/lib/libverify.so
7fae31f90000-7fae31f93000 r--p 00000000 fd:00 5639785                    /usr/lib/x86_64-linux-gnu/librt-2.30.so
7fae31f93000-7fae31f97000 r-xp 00003000 fd:00 5639785                    /usr/lib/x86_64-linux-gnu/librt-2.30.so
7fae31f97000-7fae31f99000 r--p 00007000 fd:00 5639785                    /usr/lib/x86_64-linux-gnu/librt-2.30.so
7fae31f99000-7fae31f9a000 r--p 00008000 fd:00 5639785                    /usr/lib/x86_64-linux-gnu/librt-2.30.so
7fae31f9a000-7fae31f9b000 rw-p 00009000 fd:00 5639785                    /usr/lib/x86_64-linux-gnu/librt-2.30.so
7fae31f9b000-7fae31f9f000 ---p 00000000 00:00 0 
7fae31f9f000-7fae3209c000 rw-p 00000000 00:00 0 
7fae3209c000-7fae320ab000 r--p 00000000 fd:00 5639772                    /usr/lib/x86_64-linux-gnu/libm-2.30.so
7fae320ab000-7fae32152000 r-xp 0000f000 fd:00 5639772                    /usr/lib/x86_64-linux-gnu/libm-2.30.so
7fae32152000-7fae321e9000 r--p 000b6000 fd:00 5639772                    /usr/lib/x86_64-linux-gnu/libm-2.30.so
7fae321e9000-7fae321ea000 r--p 0014c000 fd:00 5639772                    /usr/lib/x86_64-linux-gnu/libm-2.30.so
7fae321ea000-7fae321eb000 rw-p 0014d000 fd:00 5639772                    /usr/lib/x86_64-linux-gnu/libm-2.30.so
7fae321eb000-7fae3332c000 r-xp 00000000 fd:00 27003263                   /opt/jdk-11.0.5/lib/server/libjvm.so
7fae3332c000-7fae3352c000 ---p 01141000 fd:00 27003263                   /opt/jdk-11.0.5/lib/server/libjvm.so
7fae3352c000-7fae335eb000 r--p 01141000 fd:00 27003263                   /opt/jdk-11.0.5/lib/server/libjvm.so
7fae335eb000-7fae33624000 rw-p 01200000 fd:00 27003263                   /opt/jdk-11.0.5/lib/server/libjvm.so
7fae33624000-7fae3367d000 rw-p 00000000 00:00 0 
7fae3367d000-7fae336a2000 r--p 00000000 fd:00 5639769                    /usr/lib/x86_64-linux-gnu/libc-2.30.so
7fae336a2000-7fae3381a000 r-xp 00025000 fd:00 5639769                    /usr/lib/x86_64-linux-gnu/libc-2.30.so
7fae3381a000-7fae33864000 r--p 0019d000 fd:00 5639769                    /usr/lib/x86_64-linux-gnu/libc-2.30.so
7fae33864000-7fae33867000 r--p 001e6000 fd:00 5639769                    /usr/lib/x86_64-linux-gnu/libc-2.30.so
7fae33867000-7fae3386a000 rw-p 001e9000 fd:00 5639769                    /usr/lib/x86_64-linux-gnu/libc-2.30.so
7fae3386a000-7fae3386e000 rw-p 00000000 00:00 0 
7fae3386e000-7fae3386f000 r--p 00000000 fd:00 5639771                    /usr/lib/x86_64-linux-gnu/libdl-2.30.so
7fae3386f000-7fae33871000 r-xp 00001000 fd:00 5639771                    /usr/lib/x86_64-linux-gnu/libdl-2.30.so
7fae33871000-7fae33872000 r--p 00003000 fd:00 5639771                    /usr/lib/x86_64-linux-gnu/libdl-2.30.so
7fae33872000-7fae33873000 r--p 00003000 fd:00 5639771                    /usr/lib/x86_64-linux-gnu/libdl-2.30.so
7fae33873000-7fae33874000 rw-p 00004000 fd:00 5639771                    /usr/lib/x86_64-linux-gnu/libdl-2.30.so
7fae33874000-7fae33884000 r-xp 00000000 fd:00 27003214                   /opt/jdk-11.0.5/lib/jli/libjli.so
7fae33884000-7fae33a83000 ---p 00010000 fd:00 27003214                   /opt/jdk-11.0.5/lib/jli/libjli.so
7fae33a83000-7fae33a84000 r--p 0000f000 fd:00 27003214                   /opt/jdk-11.0.5/lib/jli/libjli.so
7fae33a84000-7fae33a85000 rw-p 00010000 fd:00 27003214                   /opt/jdk-11.0.5/lib/jli/libjli.so
7fae33a85000-7fae33a8c000 r--p 00000000 fd:00 5639783                    /usr/lib/x86_64-linux-gnu/libpthread-2.30.so
7fae33a8c000-7fae33a9d000 r-xp 00007000 fd:00 5639783                    /usr/lib/x86_64-linux-gnu/libpthread-2.30.so
7fae33a9d000-7fae33aa2000 r--p 00018000 fd:00 5639783                    /usr/lib/x86_64-linux-gnu/libpthread-2.30.so
7fae33aa2000-7fae33aa3000 r--p 0001c000 fd:00 5639783                    /usr/lib/x86_64-linux-gnu/libpthread-2.30.so
7fae33aa3000-7fae33aa4000 rw-p 0001d000 fd:00 5639783                    /usr/lib/x86_64-linux-gnu/libpthread-2.30.so
7fae33aa4000-7fae33aa8000 rw-p 00000000 00:00 0 
7fae33aa8000-7fae33aaa000 r--p 00000000 fd:00 5637072                    /usr/lib/x86_64-linux-gnu/libz.so.1.2.11
7fae33aaa000-7fae33abb000 r-xp 00002000 fd:00 5637072                    /usr/lib/x86_64-linux-gnu/libz.so.1.2.11
7fae33abb000-7fae33ac1000 r--p 00013000 fd:00 5637072                    /usr/lib/x86_64-linux-gnu/libz.so.1.2.11
7fae33ac1000-7fae33ac2000 ---p 00019000 fd:00 5637072                    /usr/lib/x86_64-linux-gnu/libz.so.1.2.11
7fae33ac2000-7fae33ac3000 r--p 00019000 fd:00 5637072                    /usr/lib/x86_64-linux-gnu/libz.so.1.2.11
7fae33ac3000-7fae33ac4000 rw-p 0001a000 fd:00 5637072                    /usr/lib/x86_64-linux-gnu/libz.so.1.2.11
7fae33ac4000-7fae33ac6000 rw-p 00000000 00:00 0 
7fae33aca000-7fae33acd000 r--p 00000000 fd:00 5639778                    /usr/lib/x86_64-linux-gnu/libnss_files-2.30.so
7fae33acd000-7fae33ad4000 r-xp 00003000 fd:00 5639778                    /usr/lib/x86_64-linux-gnu/libnss_files-2.30.so
7fae33ad4000-7fae33ad6000 r--p 0000a000 fd:00 5639778                    /usr/lib/x86_64-linux-gnu/libnss_files-2.30.so
7fae33ad6000-7fae33ad7000 r--p 0000b000 fd:00 5639778                    /usr/lib/x86_64-linux-gnu/libnss_files-2.30.so
7fae33ad7000-7fae33ad8000 rw-p 0000c000 fd:00 5639778                    /usr/lib/x86_64-linux-gnu/libnss_files-2.30.so
7fae33ad8000-7fae33ade000 rw-p 00000000 00:00 0 
7fae33ade000-7fae33adf000 ---p 00000000 00:00 0 
7fae33adf000-7fae33ae0000 r--p 00000000 00:00 0 
7fae33ae0000-7fae33ae1000 r--p 00000000 fd:00 5639765                    /usr/lib/x86_64-linux-gnu/ld-2.30.so
7fae33ae1000-7fae33b03000 r-xp 00001000 fd:00 5639765                    /usr/lib/x86_64-linux-gnu/ld-2.30.so
7fae33b03000-7fae33b0b000 r--p 00023000 fd:00 5639765                    /usr/lib/x86_64-linux-gnu/ld-2.30.so
7fae33b0b000-7fae33b0c000 r--s 00002000 07:03 3657                       /snap/intellij-idea-ultimate/204/plugins/java/lib/rt/debugger-agent-storage.jar
7fae33b0c000-7fae33b0d000 r--p 0002b000 fd:00 5639765                    /usr/lib/x86_64-linux-gnu/ld-2.30.so
7fae33b0d000-7fae33b0e000 rw-p 0002c000 fd:00 5639765                    /usr/lib/x86_64-linux-gnu/ld-2.30.so
7fae33b0e000-7fae33b0f000 rw-p 00000000 00:00 0 
7ffcc2e62000-7ffcc2e87000 rw-p 00000000 00:00 0                          [stack]
7ffcc2ed5000-7ffcc2ed8000 r--p 00000000 00:00 0                          [vvar]
7ffcc2ed8000-7ffcc2ed9000 r-xp 00000000 00:00 0                          [vdso]
ffffffffff600000-ffffffffff601000 --xp 00000000 00:00 0                  [vsyscall]


VM Arguments:
jvm_args: -agentlib:jdwp=transport=dt_socket,address=127.0.0.1:43529,suspend=y,server=n -XX:TieredStopAtLevel=1 -Xverify:none -Dspring.output.ansi.enabled=always -Dcom.sun.management.jmxremote -Dspring.jmx.enabled=true -Dspring.liveBeansView.mbeanDomain -Dspring.application.admin.enabled=true -javaagent:/snap/intellij-idea-ultimate/204/plugins/java/lib/rt/debugger-agent.jar -Dfile.encoding=UTF-8 
java_command: com.haapp.formicary.FormicaryApplication
java_class_path (initial): /home/alexandr/JavaProjects/backend/target/classes:/home/alexandr/.m2/repository/org/springframework/cloud/spring-cloud-starter-aws/2.2.1.RELEASE/spring-cloud-starter-aws-2.2.1.RELEASE.jar:/home/alexandr/.m2/repository/org/springframework/cloud/spring-cloud-aws-context/2.2.1.RELEASE/spring-cloud-aws-context-2.2.1.RELEASE.jar:/home/alexandr/.m2/repository/org/springframework/cloud/spring-cloud-aws-core/2.2.1.RELEASE/spring-cloud-aws-core-2.2.1.RELEASE.jar:/home/alexandr/.m2/repository/com/amazonaws/aws-java-sdk-core/1.11.415/aws-java-sdk-core-1.11.415.jar:/home/alexandr/.m2/repository/org/apache/httpcomponents/httpclient/4.5.10/httpclient-4.5.10.jar:/home/alexandr/.m2/repository/org/apache/httpcomponents/httpcore/4.4.13/httpcore-4.4.13.jar:/home/alexandr/.m2/repository/commons-codec/commons-codec/1.13/commons-codec-1.13.jar:/home/alexandr/.m2/repository/software/amazon/ion/ion-java/1.0.2/ion-java-1.0.2.jar:/home/alexandr/.m2/repository/com/fasterxml/jackson/dataformat/jackson-dataformat-cbor/2.10.2/jackson-dataformat-cbor-2.10.2.jar:/home/alexandr/.m2/repository/joda-time/joda-time/2.10.5/joda-time-2.10.5.jar:/home/alexandr/.m2/repository/com/amazonaws/aws-java-sdk-s3/1.11.415/aws-java-sdk-s3-1.11.415.jar:/home/alexandr/.m2/repository/com/amazonaws/aws-java-sdk-kms/1.11.415/aws-java-sdk-kms-1.11.415.jar:/home/alexandr/.m2/repository/com/amazonaws/jmespath-java/1.11.415/jmespath-java-1.11.415.jar:/home/alexandr/.m2/repository/com/amazonaws/aws-java-sdk-ec2/1.11.415/aws-java-sdk-ec2-1.11.415.jar:/home/alexandr/.m2/repository/com/amazonaws/aws-java-sdk-cloudformation/1.11.415/aws-java-sdk-cloudformation-1.11.415.jar:/home/alexandr/.m2/repository/org/springframework/spring-context/5.2.3.RELEASE/spring-context-5.2.3.RELEASE.jar:/home/alexandr/.m2/repository/org/slf4j/slf4j-api/1.7.30/slf4j-api-1.7.30.jar:/home/alexandr/.m2/repository/javax/activation/javax.activation-api/1.2.0/javax.activation-api-1.2.0.jar:/home/alexandr/.m2/repository/org/sp
Launcher Type: SUN_STANDARD

[Global flags]
     bool BytecodeVerificationLocal                = false                                     {product} {command line}
     bool BytecodeVerificationRemote               = false                                     {product} {command line}
     intx CICompilerCount                          = 3                                         {product} {ergonomic}
     uint ConcGCThreads                            = 1                                         {product} {ergonomic}
     uint G1ConcRefinementThreads                  = 4                                         {product} {ergonomic}
   size_t G1HeapRegionSize                         = 1048576                                   {product} {ergonomic}
    uintx GCDrainStackTargetSize                   = 64                                        {product} {ergonomic}
   size_t InitialHeapSize                          = 195035136                                 {product} {ergonomic}
     bool ManagementServer                         = true                                      {product} {command line}
   size_t MarkStackSize                            = 4194304                                   {product} {ergonomic}
   size_t MaxHeapSize                              = 3107979264                                {product} {ergonomic}
   size_t MaxNewSize                               = 1864368128                                {product} {ergonomic}
   size_t MinHeapDeltaBytes                        = 1048576                                   {product} {ergonomic}
    uintx NonNMethodCodeHeapSize                   = 6973028                                {pd product} {ergonomic}
    uintx NonProfiledCodeHeapSize                  = 244685212                              {pd product} {ergonomic}
    uintx ProfiledCodeHeapSize                     = 0                                      {pd product} {ergonomic}
    uintx ReservedCodeCacheSize                    = 251658240                              {pd product} {ergonomic}
     bool SegmentedCodeCache                       = true                                      {product} {ergonomic}
     intx TieredStopAtLevel                        = 1                                         {product} {command line}
     bool UseCompressedClassPointers               = true                                 {lp64_product} {ergonomic}
     bool UseCompressedOops                        = true                                 {lp64_product} {ergonomic}
     bool UseG1GC                                  = true                                      {product} {ergonomic}

Logging:
Log output configuration:
 #0: stdout all=warning uptime,level,tags
 #1: stderr all=off uptime,level,tags

Environment Variables:
PATH=/usr/local/sbin:/usr/local/bin:/usr/sbin:/usr/bin:/sbin:/bin:/usr/games:/usr/local/games:/snap/bin
USERNAME=alexandr
SHELL=/bin/bash
DISPLAY=:1

Signal Handlers:
SIGSEGV: [libjvm.so+0xe2d360], sa_mask[0]=11111111011111111101111111111110, sa_flags=SA_RESTART|SA_SIGINFO
SIGBUS: [libjvm.so+0xe2d360], sa_mask[0]=11111111011111111101111111111110, sa_flags=SA_RESTART|SA_SIGINFO
SIGFPE: [libjvm.so+0xe2d360], sa_mask[0]=11111111011111111101111111111110, sa_flags=SA_RESTART|SA_SIGINFO
SIGPIPE: [libjvm.so+0xc00e80], sa_mask[0]=11111111011111111101111111111110, sa_flags=SA_RESTART|SA_SIGINFO
SIGXFSZ: [libjvm.so+0xc00e80], sa_mask[0]=11111111011111111101111111111110, sa_flags=SA_RESTART|SA_SIGINFO
SIGILL: [libjvm.so+0xe2d360], sa_mask[0]=11111111011111111101111111111110, sa_flags=SA_RESTART|SA_SIGINFO
SIGUSR2: [libjvm.so+0xc00d20], sa_mask[0]=00100000000000000000000000000000, sa_flags=SA_RESTART|SA_SIGINFO
SIGHUP: [libjvm.so+0xc01080], sa_mask[0]=11111111011111111101111111111110, sa_flags=SA_RESTART|SA_SIGINFO
SIGINT: [libjvm.so+0xc01080], sa_mask[0]=11111111011111111101111111111110, sa_flags=SA_RESTART|SA_SIGINFO
SIGTERM: [libjvm.so+0xc01080], sa_mask[0]=11111111011111111101111111111110, sa_flags=SA_RESTART|SA_SIGINFO
SIGQUIT: [libjvm.so+0xc01080], sa_mask[0]=11111111011111111101111111111110, sa_flags=SA_RESTART|SA_SIGINFO


---------------  S Y S T E M  ---------------

OS:DISTRIB_ID=Ubuntu
DISTRIB_RELEASE=19.10
DISTRIB_CODENAME=eoan
DISTRIB_DESCRIPTION="Ubuntu 19.10"
uname:Linux 5.3.0-40-generic #32-Ubuntu SMP Fri Jan 31 20:24:34 UTC 2020 x86_64
libc:glibc 2.30 NPTL 2.30 
rlimit: STACK 8192k, CORE 0k, NPROC 47165, NOFILE 1048576, AS infinity, DATA infinity, FSIZE infinity
load average:3,01 2,50 2,16

/proc/meminfo:
MemTotal:       12133272 kB
MemFree:         1297648 kB
MemAvailable:    2920964 kB
Buffers:          215608 kB
Cached:          1708460 kB
SwapCached:        30284 kB
Active:          8484336 kB
Inactive:        1646708 kB
Active(anon):    7157224 kB
Inactive(anon):  1169240 kB
Active(file):    1327112 kB
Inactive(file):   477468 kB
Unevictable:         564 kB
Mlocked:              80 kB
SwapTotal:        999420 kB
SwapFree:         175912 kB
Dirty:            100960 kB
Writeback:             0 kB
AnonPages:       8180172 kB
Mapped:           763020 kB
Shmem:            143892 kB
KReclaimable:     120932 kB
Slab:             290712 kB
SReclaimable:     120932 kB
SUnreclaim:       169780 kB
KernelStack:       26128 kB
PageTables:        84404 kB
NFS_Unstable:          0 kB
Bounce:                0 kB
WritebackTmp:          0 kB
CommitLimit:     7066056 kB
Committed_AS:   21761432 kB
VmallocTotal:   34359738367 kB
VmallocUsed:       67276 kB
VmallocChunk:          0 kB
Percpu:             3376 kB
HardwareCorrupted:     0 kB
AnonHugePages:         0 kB
ShmemHugePages:        0 kB
ShmemPmdMapped:        0 kB
CmaTotal:              0 kB
CmaFree:               0 kB
HugePages_Total:       0
HugePages_Free:        0
HugePages_Rsvd:        0
HugePages_Surp:        0
Hugepagesize:       2048 kB
Hugetlb:               0 kB
DirectMap4k:      685132 kB
DirectMap2M:    10713088 kB
DirectMap1G:     2097152 kB


/proc/sys/kernel/threads-max (system-wide limit on the number of threads):
94330


/proc/sys/vm/max_map_count (maximum number of memory map areas a process may have):
65530


/proc/sys/kernel/pid_max (system-wide limit on number of process identifiers):
32768



container (cgroup) information:
container_type: cgroupv1
cpu_cpuset_cpus: 0-3
cpu_memory_nodes: 0
active_processor_count: 4
cpu_quota: -1
cpu_period: 100000
cpu_shares: -1
memory_limit_in_bytes: -1
memory_and_swap_limit_in_bytes: -2
memory_soft_limit_in_bytes: -1
memory_usage_in_bytes: 9872723968
memory_max_usage_in_bytes: 11184218112


CPU:total 4 (initial active 4) (2 cores per cpu, 2 threads per core) family 6 model 78 stepping 3, cmov, cx8, fxsr, mmx, sse, sse2, sse3, ssse3, sse4.1, sse4.2, popcnt, avx, avx2, aes, clmul, erms, 3dnowpref, lzcnt, ht, tsc, tscinvbit, bmi1, bmi2, adx, fma
CPU Model and flags from /proc/cpuinfo:
model name	: Intel(R) Core(TM) i5-6200U CPU @ 2.30GHz
flags		: fpu vme de pse tsc msr pae mce cx8 apic sep mtrr pge mca cmov pat pse36 clflush dts acpi mmx fxsr sse sse2 ss ht tm pbe syscall nx pdpe1gb rdtscp lm constant_tsc art arch_perfmon pebs bts rep_good nopl xtopology nonstop_tsc cpuid aperfmperf pni pclmulqdq dtes64 monitor ds_cpl vmx est tm2 ssse3 sdbg fma cx16 xtpr pdcm pcid sse4_1 sse4_2 x2apic movbe popcnt tsc_deadline_timer aes xsave avx f16c rdrand lahf_lm abm 3dnowprefetch cpuid_fault epb invpcid_single pti ssbd ibrs ibpb stibp tpr_shadow vnmi flexpriority ept vpid ept_ad fsgsbase tsc_adjust bmi1 avx2 smep bmi2 erms invpcid mpx rdseed adx smap clflushopt intel_pt xsaveopt xsavec xgetbv1 xsaves dtherm ida arat pln pts hwp hwp_notify hwp_act_window hwp_epp md_clear flush_l1d

Memory: 4k page, physical 12133272k(1297648k free), swap 999420k(175912k free)

vm_info: Java HotSpot(TM) 64-Bit Server VM (11.0.5+10-LTS) for linux-amd64 JRE (11.0.5+10-LTS), built on Oct  6 2019 11:44:08 by "mach5one" with gcc 7.3.0

END.
